<?xml version="1.0" encoding="UTF-8"?>
<testsuites tests="1872" failures="0" errors="0" time="0.155785">
	<testsuite tests="0" failures="0" time="0.000000" name="github.com/cisco-open/go-lanai/cmd/lanai-cli" timestamp="2025-05-28T20:55:39Z">
		<properties>
			<property name="go.version" value="go1.24.3 linux/amd64"></property>
		</properties>
	</testsuite>
	<testsuite tests="0" failures="0" time="0.000000" name="github.com/cisco-open/go-lanai/cmd/lanai-cli/apidocs" timestamp="2025-05-28T20:55:39Z">
		<properties>
			<property name="go.version" value="go1.24.3 linux/amd64"></property>
		</properties>
	</testsuite>
	<testsuite tests="0" failures="0" time="0.000000" name="github.com/cisco-open/go-lanai/cmd/lanai-cli/build" timestamp="2025-05-28T20:55:39Z">
		<properties>
			<property name="go.version" value="go1.24.3 linux/amd64"></property>
		</properties>
	</testsuite>
	<testsuite tests="0" failures="0" time="0.000000" name="github.com/cisco-open/go-lanai/cmd/lanai-cli/cmdutils" timestamp="2025-05-28T20:55:39Z">
		<properties>
			<property name="go.version" value="go1.24.3 linux/amd64"></property>
		</properties>
	</testsuite>
	<testsuite tests="5" failures="0" time="0.228000" name="github.com/cisco-open/go-lanai/cmd/lanai-cli/codegen" timestamp="2025-05-28T20:55:39Z">
		<properties>
			<property name="go.version" value="go1.24.3 linux/amd64"></property>
		</properties>
		<testcase classname="github.com/cisco-open/go-lanai/cmd/lanai-cli/codegen" name="TestGenerateTemplates/TestV2Configuration" time="0.040000"></testcase>
		<testcase classname="github.com/cisco-open/go-lanai/cmd/lanai-cli/codegen" name="TestGenerateTemplates/TestV1Configuration" time="0.040000"></testcase>
		<testcase classname="github.com/cisco-open/go-lanai/cmd/lanai-cli/codegen" name="TestGenerateTemplates/TestV2OPAConfiguration" time="0.050000"></testcase>
		<testcase classname="github.com/cisco-open/go-lanai/cmd/lanai-cli/codegen" name="TestGenerateTemplates/TestV2NoSecConfiguration" time="0.040000"></testcase>
		<testcase classname="github.com/cisco-open/go-lanai/cmd/lanai-cli/codegen" name="TestGenerateTemplates" time="0.170000"></testcase>
	</testsuite>
	<testsuite tests="2" failures="0" time="0.052000" name="github.com/cisco-open/go-lanai/cmd/lanai-cli/codegen/generator" timestamp="2025-05-28T20:55:39Z">
		<properties>
			<property name="go.version" value="go1.24.3 linux/amd64"></property>
		</properties>
		<testcase classname="github.com/cisco-open/go-lanai/cmd/lanai-cli/codegen/generator" name="Test_filenameFromPath/Should_convert_an_api_path_to_a_filename" time="0.000000"></testcase>
		<testcase classname="github.com/cisco-open/go-lanai/cmd/lanai-cli/codegen/generator" name="Test_filenameFromPath" time="0.000000"></testcase>
	</testsuite>
	<testsuite tests="0" failures="0" time="0.000000" name="github.com/cisco-open/go-lanai/cmd/lanai-cli/codegen/generator/template_funcs" timestamp="2025-05-28T20:55:39Z">
		<properties>
			<property name="go.version" value="go1.24.3 linux/amd64"></property>
		</properties>
	</testsuite>
	<testsuite tests="0" failures="0" time="0.000000" name="github.com/cisco-open/go-lanai/cmd/lanai-cli/codegen/generator/template_funcs/go" timestamp="2025-05-28T20:55:39Z">
		<properties>
			<property name="go.version" value="go1.24.3 linux/amd64"></property>
		</properties>
	</testsuite>
	<testsuite tests="0" failures="0" time="0.000000" name="github.com/cisco-open/go-lanai/cmd/lanai-cli/codegen/generator/template_funcs/lanai" timestamp="2025-05-28T20:55:39Z">
		<properties>
			<property name="go.version" value="go1.24.3 linux/amd64"></property>
		</properties>
	</testsuite>
	<testsuite tests="0" failures="0" time="0.000000" name="github.com/cisco-open/go-lanai/cmd/lanai-cli/codegen/generator/template_funcs/lanai/lanaiutil" timestamp="2025-05-28T20:55:39Z">
		<properties>
			<property name="go.version" value="go1.24.3 linux/amd64"></property>
		</properties>
	</testsuite>
	<testsuite tests="0" failures="0" time="0.000000" name="github.com/cisco-open/go-lanai/cmd/lanai-cli/codegen/generator/template_funcs/lanai/schematotext" timestamp="2025-05-28T20:55:39Z">
		<properties>
			<property name="go.version" value="go1.24.3 linux/amd64"></property>
		</properties>
	</testsuite>
	<testsuite tests="0" failures="0" time="0.000000" name="github.com/cisco-open/go-lanai/cmd/lanai-cli/codegen/generator/template_funcs/openapi" timestamp="2025-05-28T20:55:39Z">
		<properties>
			<property name="go.version" value="go1.24.3 linux/amd64"></property>
		</properties>
	</testsuite>
	<testsuite tests="0" failures="0" time="0.000000" name="github.com/cisco-open/go-lanai/cmd/lanai-cli/codegen/generator/template_funcs/util" timestamp="2025-05-28T20:55:39Z">
		<properties>
			<property name="go.version" value="go1.24.3 linux/amd64"></property>
		</properties>
	</testsuite>
	<testsuite tests="0" failures="0" time="0.000000" name="github.com/cisco-open/go-lanai/cmd/lanai-cli/deps" timestamp="2025-05-28T20:55:39Z">
		<properties>
			<property name="go.version" value="go1.24.3 linux/amd64"></property>
		</properties>
	</testsuite>
	<testsuite tests="0" failures="0" time="0.000000" name="github.com/cisco-open/go-lanai/cmd/lanai-cli/dev" timestamp="2025-05-28T20:55:39Z">
		<properties>
			<property name="go.version" value="go1.24.3 linux/amd64"></property>
		</properties>
	</testsuite>
	<testsuite tests="0" failures="0" time="0.000000" name="github.com/cisco-open/go-lanai/cmd/lanai-cli/gittools" timestamp="2025-05-28T20:55:39Z">
		<properties>
			<property name="go.version" value="go1.24.3 linux/amd64"></property>
		</properties>
	</testsuite>
	<testsuite tests="0" failures="0" time="0.000000" name="github.com/cisco-open/go-lanai/cmd/lanai-cli/initcmd" timestamp="2025-05-28T20:55:39Z">
		<properties>
			<property name="go.version" value="go1.24.3 linux/amd64"></property>
		</properties>
	</testsuite>
	<testsuite tests="0" failures="0" time="0.000000" name="github.com/cisco-open/go-lanai/cmd/lanai-cli/noop" timestamp="2025-05-28T20:55:39Z">
		<properties>
			<property name="go.version" value="go1.24.3 linux/amd64"></property>
		</properties>
	</testsuite>
	<testsuite tests="0" failures="0" time="0.000000" name="github.com/cisco-open/go-lanai/cmd/lanai-cli/webjars" timestamp="2025-05-28T20:55:39Z">
		<properties>
			<property name="go.version" value="go1.24.3 linux/amd64"></property>
		</properties>
	</testsuite>
	<testsuite tests="0" failures="0" time="0.004000" name="github.com/cisco-open/go-lanai/pkg/actuator" timestamp="2025-05-28T20:55:39Z">
		<properties>
			<property name="go.version" value="go1.24.3 linux/amd64"></property>
		</properties>
	</testsuite>
	<testsuite tests="43" failures="0" time="0.198000" name="github.com/cisco-open/go-lanai/pkg/actuator/actuator_tests" timestamp="2025-05-28T20:55:39Z">
		<properties>
			<property name="go.version" value="go1.24.3 linux/amd64"></property>
		</properties>
		<testcase classname="github.com/cisco-open/go-lanai/pkg/actuator/actuator_tests" name="TestAPIListEndpoint/TestAPIListWithAccess" time="0.000000"></testcase>
		<testcase classname="github.com/cisco-open/go-lanai/pkg/actuator/actuator_tests" name="TestAPIListEndpoint/TestAPIListWithoutAccess" time="0.000000"></testcase>
		<testcase classname="github.com/cisco-open/go-lanai/pkg/actuator/actuator_tests" name="TestAPIListEndpoint/TestAPIListWithoutAuth" time="0.000000"></testcase>
		<testcase classname="github.com/cisco-open/go-lanai/pkg/actuator/actuator_tests" name="TestAPIListEndpoint" time="0.010000"></testcase>
		<testcase classname="github.com/cisco-open/go-lanai/pkg/actuator/actuator_tests" name="TestEnvEndpoint/TestEnvWithAccess" time="0.000000"></testcase>
		<testcase classname="github.com/cisco-open/go-lanai/pkg/actuator/actuator_tests" name="TestEnvEndpoint/TestEnvWithoutAccess" time="0.000000"></testcase>
		<testcase classname="github.com/cisco-open/go-lanai/pkg/actuator/actuator_tests" name="TestEnvEndpoint/TestEnvWithoutAuth" time="0.000000"></testcase>
		<testcase classname="github.com/cisco-open/go-lanai/pkg/actuator/actuator_tests" name="TestEnvEndpoint" time="0.010000"></testcase>
		<testcase classname="github.com/cisco-open/go-lanai/pkg/actuator/actuator_tests" name="TestHealthEndpoint/TestHealthWithDetails" time="0.000000"></testcase>
		<testcase classname="github.com/cisco-open/go-lanai/pkg/actuator/actuator_tests" name="TestHealthEndpoint/TestHealthWithoutDetails" time="0.000000"></testcase>
		<testcase classname="github.com/cisco-open/go-lanai/pkg/actuator/actuator_tests" name="TestHealthEndpoint/TestHealthWithoutAuth" time="0.000000"></testcase>
		<testcase classname="github.com/cisco-open/go-lanai/pkg/actuator/actuator_tests" name="TestHealthEndpoint/TestHealthDownWithDetails" time="0.000000"></testcase>
		<testcase classname="github.com/cisco-open/go-lanai/pkg/actuator/actuator_tests" name="TestHealthEndpoint/TestHealthDownWithoutDetails" time="0.000000"></testcase>
		<testcase classname="github.com/cisco-open/go-lanai/pkg/actuator/actuator_tests" name="TestHealthEndpoint/TestHealthIndicator" time="0.000000"></testcase>
		<testcase classname="github.com/cisco-open/go-lanai/pkg/actuator/actuator_tests" name="TestHealthEndpoint" time="0.010000"></testcase>
		<testcase classname="github.com/cisco-open/go-lanai/pkg/actuator/actuator_tests" name="TestHealthWithCustomDisclosure/TestHealthWithPermissions" time="0.000000"></testcase>
		<testcase classname="github.com/cisco-open/go-lanai/pkg/actuator/actuator_tests" name="TestHealthWithCustomDisclosure/TestHealthWithoutPermissions" time="0.000000"></testcase>
		<testcase classname="github.com/cisco-open/go-lanai/pkg/actuator/actuator_tests" name="TestHealthWithCustomDisclosure/TestHealthWithoutAuth" time="0.000000"></testcase>
		<testcase classname="github.com/cisco-open/go-lanai/pkg/actuator/actuator_tests" name="TestHealthWithCustomDisclosure/TestHealthDownWithDetails" time="0.000000"></testcase>
		<testcase classname="github.com/cisco-open/go-lanai/pkg/actuator/actuator_tests" name="TestHealthWithCustomDisclosure/TestHealthDownWithoutDetails" time="0.000000"></testcase>
		<testcase classname="github.com/cisco-open/go-lanai/pkg/actuator/actuator_tests" name="TestHealthWithCustomDisclosure/TestHealthIndicator" time="0.000000"></testcase>
		<testcase classname="github.com/cisco-open/go-lanai/pkg/actuator/actuator_tests" name="TestHealthWithCustomDisclosure" time="0.010000"></testcase>
		<testcase classname="github.com/cisco-open/go-lanai/pkg/actuator/actuator_tests" name="TestLoggersEndpoint/TestLoggersWithAccess" time="0.000000"></testcase>
		<testcase classname="github.com/cisco-open/go-lanai/pkg/actuator/actuator_tests" name="TestLoggersEndpoint/TestLoggersWithoutAccess" time="0.000000"></testcase>
		<testcase classname="github.com/cisco-open/go-lanai/pkg/actuator/actuator_tests" name="TestLoggersEndpoint/TestLoggersWithoutAuth" time="0.000000"></testcase>
		<testcase classname="github.com/cisco-open/go-lanai/pkg/actuator/actuator_tests" name="TestLoggersEndpoint/TestChangeLoggers" time="0.000000"></testcase>
		<testcase classname="github.com/cisco-open/go-lanai/pkg/actuator/actuator_tests" name="TestLoggersEndpoint" time="0.010000"></testcase>
		<testcase classname="github.com/cisco-open/go-lanai/pkg/actuator/actuator_tests" name="TestAccessByScopeUsingPermissions/TestEnvWithAccess" time="0.000000"></testcase>
		<testcase classname="github.com/cisco-open/go-lanai/pkg/actuator/actuator_tests" name="TestAccessByScopeUsingPermissions/TestEnvWithoutAccess" time="0.000000"></testcase>
		<testcase classname="github.com/cisco-open/go-lanai/pkg/actuator/actuator_tests" name="TestAccessByScopeUsingPermissions/TestLoggersWithAccess" time="0.000000"></testcase>
		<testcase classname="github.com/cisco-open/go-lanai/pkg/actuator/actuator_tests" name="TestAccessByScopeUsingPermissions/TestLoggersWithoutAccess" time="0.000000"></testcase>
		<testcase classname="github.com/cisco-open/go-lanai/pkg/actuator/actuator_tests" name="TestAccessByScopeUsingPermissions/TestInfoEndpoint" time="0.000000"></testcase>
		<testcase classname="github.com/cisco-open/go-lanai/pkg/actuator/actuator_tests" name="TestAccessByScopeUsingPermissions" time="0.020000"></testcase>
		<testcase classname="github.com/cisco-open/go-lanai/pkg/actuator/actuator_tests" name="TestAccessByHardcodedScope/TestEnvWithAccess" time="0.000000"></testcase>
		<testcase classname="github.com/cisco-open/go-lanai/pkg/actuator/actuator_tests" name="TestAccessByHardcodedScope/TestEnvWithoutAccess" time="0.000000"></testcase>
		<testcase classname="github.com/cisco-open/go-lanai/pkg/actuator/actuator_tests" name="TestAccessByHardcodedScope/TestLoggersWithAccess" time="0.000000"></testcase>
		<testcase classname="github.com/cisco-open/go-lanai/pkg/actuator/actuator_tests" name="TestAccessByHardcodedScope/TestLoggersWithoutAccess" time="0.000000"></testcase>
		<testcase classname="github.com/cisco-open/go-lanai/pkg/actuator/actuator_tests" name="TestAccessByHardcodedScope/TestInfoEndpoint" time="0.000000"></testcase>
		<testcase classname="github.com/cisco-open/go-lanai/pkg/actuator/actuator_tests" name="TestAccessByHardcodedScope" time="0.020000"></testcase>
		<testcase classname="github.com/cisco-open/go-lanai/pkg/actuator/actuator_tests" name="TestSimpleAdminEndpoints/TestInfoEndpointV3" time="0.000000"></testcase>
		<testcase classname="github.com/cisco-open/go-lanai/pkg/actuator/actuator_tests" name="TestSimpleAdminEndpoints/TestInfoEndpointV2" time="0.000000"></testcase>
		<testcase classname="github.com/cisco-open/go-lanai/pkg/actuator/actuator_tests" name="TestSimpleAdminEndpoints/TestAliveEndpoint" time="0.000000"></testcase>
		<testcase classname="github.com/cisco-open/go-lanai/pkg/actuator/actuator_tests" name="TestSimpleAdminEndpoints" time="0.010000"></testcase>
	</testsuite>
	<testsuite tests="0" failures="0" time="0.004000" name="github.com/cisco-open/go-lanai/pkg/actuator/alive" timestamp="2025-05-28T20:55:39Z">
		<properties>
			<property name="go.version" value="go1.24.3 linux/amd64"></property>
		</properties>
	</testsuite>
	<testsuite tests="0" failures="0" time="0.004000" name="github.com/cisco-open/go-lanai/pkg/actuator/apilist" timestamp="2025-05-28T20:55:39Z">
		<properties>
			<property name="go.version" value="go1.24.3 linux/amd64"></property>
		</properties>
	</testsuite>
	<testsuite tests="0" failures="0" time="0.004000" name="github.com/cisco-open/go-lanai/pkg/actuator/env" timestamp="2025-05-28T20:55:39Z">
		<properties>
			<property name="go.version" value="go1.24.3 linux/amd64"></property>
		</properties>
	</testsuite>
	<testsuite tests="0" failures="0" time="0.005000" name="github.com/cisco-open/go-lanai/pkg/actuator/health" timestamp="2025-05-28T20:55:39Z">
		<properties>
			<property name="go.version" value="go1.24.3 linux/amd64"></property>
		</properties>
	</testsuite>
	<testsuite tests="0" failures="0" time="0.005000" name="github.com/cisco-open/go-lanai/pkg/actuator/health/endpoint" timestamp="2025-05-28T20:55:39Z">
		<properties>
			<property name="go.version" value="go1.24.3 linux/amd64"></property>
		</properties>
	</testsuite>
	<testsuite tests="0" failures="0" time="0.005000" name="github.com/cisco-open/go-lanai/pkg/actuator/info" timestamp="2025-05-28T20:55:39Z">
		<properties>
			<property name="go.version" value="go1.24.3 linux/amd64"></property>
		</properties>
	</testsuite>
	<testsuite tests="0" failures="0" time="0.005000" name="github.com/cisco-open/go-lanai/pkg/actuator/init" timestamp="2025-05-28T20:55:39Z">
		<properties>
			<property name="go.version" value="go1.24.3 linux/amd64"></property>
		</properties>
	</testsuite>
	<testsuite tests="0" failures="0" time="0.013000" name="github.com/cisco-open/go-lanai/pkg/actuator/loggers" timestamp="2025-05-28T20:55:39Z">
		<properties>
			<property name="go.version" value="go1.24.3 linux/amd64"></property>
		</properties>
	</testsuite>
	<testsuite tests="39" failures="0" time="0.126000" name="github.com/cisco-open/go-lanai/pkg/appconfig" timestamp="2025-05-28T20:55:39Z">
		<properties>
			<property name="go.version" value="go1.24.3 linux/amd64"></property>
		</properties>
		<testcase classname="github.com/cisco-open/go-lanai/pkg/appconfig" name="TestMultiPassLoad" time="0.000000"></testcase>
		<testcase classname="github.com/cisco-open/go-lanai/pkg/appconfig" name="TestParsePlaceHolders/PlaceholderPattern1" time="0.000000"></testcase>
		<testcase classname="github.com/cisco-open/go-lanai/pkg/appconfig" name="TestParsePlaceHolders/PlaceholderPattern2" time="0.000000"></testcase>
		<testcase classname="github.com/cisco-open/go-lanai/pkg/appconfig" name="TestParsePlaceHolders/PlaceholderPattern3" time="0.000000"></testcase>
		<testcase classname="github.com/cisco-open/go-lanai/pkg/appconfig" name="TestParsePlaceHolders/PlaceholderPattern4" time="0.000000"></testcase>
		<testcase classname="github.com/cisco-open/go-lanai/pkg/appconfig" name="TestParsePlaceHolders/PlaceholderPattern5" time="0.000000"></testcase>
		<testcase classname="github.com/cisco-open/go-lanai/pkg/appconfig" name="TestParsePlaceHolders/PlaceholderPattern6" time="0.000000"></testcase>
		<testcase classname="github.com/cisco-open/go-lanai/pkg/appconfig" name="TestParsePlaceHolders/PlaceholderPattern7" time="0.000000"></testcase>
		<testcase classname="github.com/cisco-open/go-lanai/pkg/appconfig" name="TestParsePlaceHolders/PlaceholderPattern8" time="0.000000"></testcase>
		<testcase classname="github.com/cisco-open/go-lanai/pkg/appconfig" name="TestParsePlaceHolders/PlaceholderInvalidPattern1" time="0.000000"></testcase>
		<testcase classname="github.com/cisco-open/go-lanai/pkg/appconfig" name="TestParsePlaceHolders" time="0.000000"></testcase>
		<testcase classname="github.com/cisco-open/go-lanai/pkg/appconfig" name="TestUnFlatten" time="0.000000"></testcase>
		<testcase classname="github.com/cisco-open/go-lanai/pkg/appconfig" name="TestGettingValue" time="0.000000"></testcase>
		<testcase classname="github.com/cisco-open/go-lanai/pkg/appconfig" name="TestGettingArrayValue" time="0.000000"></testcase>
		<testcase classname="github.com/cisco-open/go-lanai/pkg/appconfig" name="TestSettingValue/EmptyMapTestNoIntermediateNodes" time="0.000000"></testcase>
		<testcase classname="github.com/cisco-open/go-lanai/pkg/appconfig" name="TestSettingValue/EmptyMapTest" time="0.000000"></testcase>
		<testcase classname="github.com/cisco-open/go-lanai/pkg/appconfig" name="TestSettingValue/PartialMapTestNoIntermediateNodes" time="0.000000"></testcase>
		<testcase classname="github.com/cisco-open/go-lanai/pkg/appconfig" name="TestSettingValue/PartialMapTest" time="0.000000"></testcase>
		<testcase classname="github.com/cisco-open/go-lanai/pkg/appconfig" name="TestSettingValue/FullMapTestNoIntermediateNodes" time="0.000000"></testcase>
		<testcase classname="github.com/cisco-open/go-lanai/pkg/appconfig" name="TestSettingValue/FullMapTest" time="0.000000"></testcase>
		<testcase classname="github.com/cisco-open/go-lanai/pkg/appconfig" name="TestSettingValue" time="0.000000"></testcase>
		<testcase classname="github.com/cisco-open/go-lanai/pkg/appconfig" name="TestSettingValueWithSlicePath/EmptyMapTestNoIntermediateNodes" time="0.000000"></testcase>
		<testcase classname="github.com/cisco-open/go-lanai/pkg/appconfig" name="TestSettingValueWithSlicePath/EmptyMapTest" time="0.000000"></testcase>
		<testcase classname="github.com/cisco-open/go-lanai/pkg/appconfig" name="TestSettingValueWithSlicePath/EmptyMapTestNonFirstIntermediateNodes" time="0.000000"></testcase>
		<testcase classname="github.com/cisco-open/go-lanai/pkg/appconfig" name="TestSettingValueWithSlicePath/PartialMapTestNoIntermediateNodes" time="0.000000"></testcase>
		<testcase classname="github.com/cisco-open/go-lanai/pkg/appconfig" name="TestSettingValueWithSlicePath/PartialMapTest" time="0.000000"></testcase>
		<testcase classname="github.com/cisco-open/go-lanai/pkg/appconfig" name="TestSettingValueWithSlicePath/PartialMapTestNonFirstIntermediateNodes1" time="0.000000"></testcase>
		<testcase classname="github.com/cisco-open/go-lanai/pkg/appconfig" name="TestSettingValueWithSlicePath/PartialMapTestNonFirstIntermediateNodes2" time="0.000000"></testcase>
		<testcase classname="github.com/cisco-open/go-lanai/pkg/appconfig" name="TestSettingValueWithSlicePath/FullMapTestNoIntermediateNodes" time="0.000000"></testcase>
		<testcase classname="github.com/cisco-open/go-lanai/pkg/appconfig" name="TestSettingValueWithSlicePath/FullMapTest" time="0.000000"></testcase>
		<testcase classname="github.com/cisco-open/go-lanai/pkg/appconfig" name="TestSettingValueWithSlicePath/FullMapTestOutOfIndex1" time="0.000000"></testcase>
		<testcase classname="github.com/cisco-open/go-lanai/pkg/appconfig" name="TestSettingValueWithSlicePath/FullMapTestOutOfIndex2" time="0.000000"></testcase>
		<testcase classname="github.com/cisco-open/go-lanai/pkg/appconfig" name="TestSettingValueWithSlicePath" time="0.000000"></testcase>
		<testcase classname="github.com/cisco-open/go-lanai/pkg/appconfig" name="TestConfigBind/Bind_Should_Err_If_Config_Not_Loaded" time="0.000000"></testcase>
		<testcase classname="github.com/cisco-open/go-lanai/pkg/appconfig" name="TestConfigBind/Bind_Should_Map_Properties_To_Target" time="0.000000"></testcase>
		<testcase classname="github.com/cisco-open/go-lanai/pkg/appconfig" name="TestConfigBind" time="0.000000"></testcase>
		<testcase classname="github.com/cisco-open/go-lanai/pkg/appconfig" name="TestNormalizeKey" time="0.000000"></testcase>
		<testcase classname="github.com/cisco-open/go-lanai/pkg/appconfig" name="TestResolvePlaceHolders" time="0.000000"></testcase>
		<testcase classname="github.com/cisco-open/go-lanai/pkg/appconfig" name="TestResolvePlaceHoldersWithCircularReference" time="0.000000"></testcase>
	</testsuite>
	<testsuite tests="0" failures="0" time="0.009000" name="github.com/cisco-open/go-lanai/pkg/appconfig/args" timestamp="2025-05-28T20:55:39Z">
		<properties>
			<property name="go.version" value="go1.24.3 linux/amd64"></property>
		</properties>
	</testsuite>
	<testsuite tests="0" failures="0" time="0.011000" name="github.com/cisco-open/go-lanai/pkg/appconfig/cliprovider" timestamp="2025-05-28T20:55:39Z">
		<properties>
			<property name="go.version" value="go1.24.3 linux/amd64"></property>
		</properties>
	</testsuite>
	<testsuite tests="1" failures="0" time="0.099000" name="github.com/cisco-open/go-lanai/pkg/appconfig/envprovider" timestamp="2025-05-28T20:55:39Z">
		<properties>
			<property name="go.version" value="go1.24.3 linux/amd64"></property>
		</properties>
		<testcase classname="github.com/cisco-open/go-lanai/pkg/appconfig/envprovider" name="TestLoadEnvironmentProperties" time="0.000000"></testcase>
	</testsuite>
	<testsuite tests="0" failures="0" time="0.010000" name="github.com/cisco-open/go-lanai/pkg/appconfig/fileprovider" timestamp="2025-05-28T20:55:39Z">
		<properties>
			<property name="go.version" value="go1.24.3 linux/amd64"></property>
		</properties>
	</testsuite>
	<testsuite tests="0" failures="0" time="0.016000" name="github.com/cisco-open/go-lanai/pkg/appconfig/init" timestamp="2025-05-28T20:55:39Z">
		<properties>
			<property name="go.version" value="go1.24.3 linux/amd64"></property>
		</properties>
	</testsuite>
	<testsuite tests="0" failures="0" time="0.006000" name="github.com/cisco-open/go-lanai/pkg/appconfig/parser" timestamp="2025-05-28T20:55:39Z">
		<properties>
			<property name="go.version" value="go1.24.3 linux/amd64"></property>
		</properties>
	</testsuite>
	<testsuite tests="4" failures="0" time="0.102000" name="github.com/cisco-open/go-lanai/pkg/aws" timestamp="2025-05-28T20:55:39Z">
		<properties>
			<property name="go.version" value="go1.24.3 linux/amd64"></property>
		</properties>
		<testcase classname="github.com/cisco-open/go-lanai/pkg/aws" name="TestAWSConfigLoading/ConfigWithStaticCredentials" time="0.000000"></testcase>
		<testcase classname="github.com/cisco-open/go-lanai/pkg/aws" name="TestAWSConfigLoading/ConfigWithEnvCredentials" time="0.000000"></testcase>
		<testcase classname="github.com/cisco-open/go-lanai/pkg/aws" name="TestAWSConfigLoading/ConfigWithSTSCredentials" time="0.000000"></testcase>
		<testcase classname="github.com/cisco-open/go-lanai/pkg/aws" name="TestAWSConfigLoading" time="0.010000"></testcase>
	</testsuite>
	<testsuite tests="2" failures="0" time="0.097000" name="github.com/cisco-open/go-lanai/pkg/aws/acm" timestamp="2025-05-28T20:55:39Z">
		<properties>
			<property name="go.version" value="go1.24.3 linux/amd64"></property>
		</properties>
		<testcase classname="github.com/cisco-open/go-lanai/pkg/aws/acm" name="TestDefaultClient/ConfigWithStaticCredentials" time="0.000000"></testcase>
		<testcase classname="github.com/cisco-open/go-lanai/pkg/aws/acm" name="TestDefaultClient" time="0.020000"></testcase>
	</testsuite>
	<testsuite tests="0" failures="0" time="0.009000" name="github.com/cisco-open/go-lanai/pkg/bootstrap" timestamp="2025-05-28T20:55:39Z">
		<properties>
			<property name="go.version" value="go1.24.3 linux/amd64"></property>
		</properties>
	</testsuite>
	<testsuite tests="8" failures="0" time="0.104000" name="github.com/cisco-open/go-lanai/pkg/certs" timestamp="2025-05-28T20:55:39Z">
		<properties>
			<property name="go.version" value="go1.24.3 linux/amd64"></property>
		</properties>
		<testcase classname="github.com/cisco-open/go-lanai/pkg/certs" name="TestManager/TestLoadSourceByPreset" time="0.000000"></testcase>
		<testcase classname="github.com/cisco-open/go-lanai/pkg/certs" name="TestManager/TestLoadSourceByConfigPath" time="0.000000"></testcase>
		<testcase classname="github.com/cisco-open/go-lanai/pkg/certs" name="TestManager/TestLoadSourceByRawConfig" time="0.000000"></testcase>
		<testcase classname="github.com/cisco-open/go-lanai/pkg/certs" name="TestManager/TestLoadSourceByCompatibleConfig" time="0.000000"></testcase>
		<testcase classname="github.com/cisco-open/go-lanai/pkg/certs" name="TestManager/TestLoadSourceBySourceProperties" time="0.000000"></testcase>
		<testcase classname="github.com/cisco-open/go-lanai/pkg/certs" name="TestManager/TestLoadSourceWithInvalidOptions" time="0.000000"></testcase>
		<testcase classname="github.com/cisco-open/go-lanai/pkg/certs" name="TestManager/TestCloseSources" time="0.000000"></testcase>
		<testcase classname="github.com/cisco-open/go-lanai/pkg/certs" name="TestManager" time="0.010000"></testcase>
	</testsuite>
	<testsuite tests="0" failures="0" time="0.005000" name="github.com/cisco-open/go-lanai/pkg/certs/init" timestamp="2025-05-28T20:55:39Z">
		<properties>
			<property name="go.version" value="go1.24.3 linux/amd64"></property>
		</properties>
	</testsuite>
	<testsuite tests="0" failures="0" time="0.004000" name="github.com/cisco-open/go-lanai/pkg/certs/source" timestamp="2025-05-28T20:55:39Z">
		<properties>
			<property name="go.version" value="go1.24.3 linux/amd64"></property>
		</properties>
	</testsuite>
	<testsuite tests="4" failures="0" time="0.091000" name="github.com/cisco-open/go-lanai/pkg/certs/source/acm" timestamp="2025-05-28T20:55:39Z">
		<properties>
			<property name="go.version" value="go1.24.3 linux/amd64"></property>
		</properties>
		<testcase classname="github.com/cisco-open/go-lanai/pkg/certs/source/acm" name="TestDefaultClient/TestAcmRenewal" time="0.000000">
			<skipped message="=== RUN   TestDefaultClient/TestAcmRenewal&#xA;    acm_test.go:275: Renewal test is not possible for imported certificates&#xA;--- SKIP: TestDefaultClient/TestAcmRenewal (0.00s)&#xA;"></skipped>
		</testcase>
		<testcase classname="github.com/cisco-open/go-lanai/pkg/certs/source/acm" name="TestDefaultClient/TestAcmTLSConfig" time="0.010000"></testcase>
		<testcase classname="github.com/cisco-open/go-lanai/pkg/certs/source/acm" name="TestDefaultClient/TestAcmCertFiles" time="0.000000"></testcase>
		<testcase classname="github.com/cisco-open/go-lanai/pkg/certs/source/acm" name="TestDefaultClient" time="0.030000"></testcase>
	</testsuite>
	<testsuite tests="3" failures="0" time="0.095000" name="github.com/cisco-open/go-lanai/pkg/certs/source/file" timestamp="2025-05-28T20:55:39Z">
		<properties>
			<property name="go.version" value="go1.24.3 linux/amd64"></property>
		</properties>
		<testcase classname="github.com/cisco-open/go-lanai/pkg/certs/source/file" name="TestFileCertificateSource/SubTestTLSConfig" time="0.000000"></testcase>
		<testcase classname="github.com/cisco-open/go-lanai/pkg/certs/source/file" name="TestFileCertificateSource/TestFiles" time="0.000000"></testcase>
		<testcase classname="github.com/cisco-open/go-lanai/pkg/certs/source/file" name="TestFileCertificateSource" time="0.010000"></testcase>
	</testsuite>
	<testsuite tests="4" failures="0" time="4.120000" name="github.com/cisco-open/go-lanai/pkg/certs/source/vault" timestamp="2025-05-28T20:55:39Z">
		<properties>
			<property name="go.version" value="go1.24.3 linux/amd64"></property>
		</properties>
		<testcase classname="github.com/cisco-open/go-lanai/pkg/certs/source/vault" name="TestVaultProvider/SubTestVaultTLSConfig" time="0.000000"></testcase>
		<testcase classname="github.com/cisco-open/go-lanai/pkg/certs/source/vault" name="TestVaultProvider/SubTestVaultCertFiles" time="0.000000"></testcase>
		<testcase classname="github.com/cisco-open/go-lanai/pkg/certs/source/vault" name="TestVaultProvider/SubTestVaultRenewal" time="4.000000"></testcase>
		<testcase classname="github.com/cisco-open/go-lanai/pkg/certs/source/vault" name="TestVaultProvider" time="4.030000"></testcase>
	</testsuite>
	<testsuite tests="5" failures="0" time="0.064000" name="github.com/cisco-open/go-lanai/pkg/consul" timestamp="2025-05-28T20:55:39Z">
		<properties>
			<property name="go.version" value="go1.24.3 linux/amd64"></property>
		</properties>
		<testcase classname="github.com/cisco-open/go-lanai/pkg/consul" name="TestKubernetesClient_Login" time="0.000000"></testcase>
		<testcase classname="github.com/cisco-open/go-lanai/pkg/consul" name="TestTokenClientAuthentication_Login" time="0.000000"></testcase>
		<testcase classname="github.com/cisco-open/go-lanai/pkg/consul" name="TestAuthMethod" time="0.000000"></testcase>
		<testcase classname="github.com/cisco-open/go-lanai/pkg/consul" name="TestConsulConnection/TestKVOperations" time="0.000000"></testcase>
		<testcase classname="github.com/cisco-open/go-lanai/pkg/consul" name="TestConsulConnection" time="0.010000"></testcase>
	</testsuite>
	<testsuite tests="2" failures="0" time="0.092000" name="github.com/cisco-open/go-lanai/pkg/consul/appconfig" timestamp="2025-05-28T20:55:39Z">
		<properties>
			<property name="go.version" value="go1.24.3 linux/amd64"></property>
		</properties>
		<testcase classname="github.com/cisco-open/go-lanai/pkg/consul/appconfig" name="TestAppConfig/PropertiesBinding" time="0.000000"></testcase>
		<testcase classname="github.com/cisco-open/go-lanai/pkg/consul/appconfig" name="TestAppConfig" time="0.010000"></testcase>
	</testsuite>
	<testsuite tests="0" failures="0" time="0.004000" name="github.com/cisco-open/go-lanai/pkg/consul/health" timestamp="2025-05-28T20:55:39Z">
		<properties>
			<property name="go.version" value="go1.24.3 linux/amd64"></property>
		</properties>
	</testsuite>
	<testsuite tests="0" failures="0" time="0.004000" name="github.com/cisco-open/go-lanai/pkg/consul/init" timestamp="2025-05-28T20:55:39Z">
		<properties>
			<property name="go.version" value="go1.24.3 linux/amd64"></property>
		</properties>
	</testsuite>
	<testsuite tests="16" failures="0" time="0.124000" name="github.com/cisco-open/go-lanai/pkg/data" timestamp="2025-05-28T20:55:39Z">
		<properties>
			<property name="go.version" value="go1.24.3 linux/amd64"></property>
		</properties>
		<testcase classname="github.com/cisco-open/go-lanai/pkg/data" name="TestTranslateDataErrorForHttpResponse/TestDataErrorTranslation" time="0.000000"></testcase>
		<testcase classname="github.com/cisco-open/go-lanai/pkg/data" name="TestTranslateDataErrorForHttpResponse" time="0.010000"></testcase>
		<testcase classname="github.com/cisco-open/go-lanai/pkg/data" name="TestErrorTranslation/ServerSideErrorTranslation" time="0.000000"></testcase>
		<testcase classname="github.com/cisco-open/go-lanai/pkg/data" name="TestErrorTranslation" time="0.010000"></testcase>
		<testcase classname="github.com/cisco-open/go-lanai/pkg/data" name="TestGormTracingWithExistingSpan/TestCreate" time="0.000000"></testcase>
		<testcase classname="github.com/cisco-open/go-lanai/pkg/data" name="TestGormTracingWithExistingSpan/TestRead" time="0.000000"></testcase>
		<testcase classname="github.com/cisco-open/go-lanai/pkg/data" name="TestGormTracingWithExistingSpan/TestUpdate" time="0.000000"></testcase>
		<testcase classname="github.com/cisco-open/go-lanai/pkg/data" name="TestGormTracingWithExistingSpan/TestDelete" time="0.000000"></testcase>
		<testcase classname="github.com/cisco-open/go-lanai/pkg/data" name="TestGormTracingWithExistingSpan/TestRawSQL" time="0.000000"></testcase>
		<testcase classname="github.com/cisco-open/go-lanai/pkg/data" name="TestGormTracingWithExistingSpan" time="0.010000"></testcase>
		<testcase classname="github.com/cisco-open/go-lanai/pkg/data" name="TestGormTracingWithoutExistingSpan/TestCreate" time="0.000000"></testcase>
		<testcase classname="github.com/cisco-open/go-lanai/pkg/data" name="TestGormTracingWithoutExistingSpan/TestRead" time="0.000000"></testcase>
		<testcase classname="github.com/cisco-open/go-lanai/pkg/data" name="TestGormTracingWithoutExistingSpan/TestUpdate" time="0.000000"></testcase>
		<testcase classname="github.com/cisco-open/go-lanai/pkg/data" name="TestGormTracingWithoutExistingSpan/TestDelete" time="0.000000"></testcase>
		<testcase classname="github.com/cisco-open/go-lanai/pkg/data" name="TestGormTracingWithoutExistingSpan/TestRawSQL" time="0.000000"></testcase>
		<testcase classname="github.com/cisco-open/go-lanai/pkg/data" name="TestGormTracingWithoutExistingSpan" time="0.010000"></testcase>
	</testsuite>
	<testsuite tests="0" failures="0" time="0.004000" name="github.com/cisco-open/go-lanai/pkg/data/init" timestamp="2025-05-28T20:55:39Z">
		<properties>
			<property name="go.version" value="go1.24.3 linux/amd64"></property>
		</properties>
	</testsuite>
	<testsuite tests="0" failures="0" time="0.005000" name="github.com/cisco-open/go-lanai/pkg/data/postgresql" timestamp="2025-05-28T20:55:39Z">
		<properties>
			<property name="go.version" value="go1.24.3 linux/amd64"></property>
		</properties>
	</testsuite>
	<testsuite tests="4" failures="0" time="0.107000" name="github.com/cisco-open/go-lanai/pkg/data/postgresql/cockroach" timestamp="2025-05-28T20:55:39Z">
		<properties>
			<property name="go.version" value="go1.24.3 linux/amd64"></property>
		</properties>
		<testcase classname="github.com/cisco-open/go-lanai/pkg/data/postgresql/cockroach" name="TestDBCreator/TestCreateDB" time="0.000000"></testcase>
		<testcase classname="github.com/cisco-open/go-lanai/pkg/data/postgresql/cockroach" name="TestDBCreator" time="0.010000"></testcase>
		<testcase classname="github.com/cisco-open/go-lanai/pkg/data/postgresql/cockroach" name="TestDBCreatorWithoutCreateDBPermission/TestCreateDBIgnoreFailure" time="0.000000"></testcase>
		<testcase classname="github.com/cisco-open/go-lanai/pkg/data/postgresql/cockroach" name="TestDBCreatorWithoutCreateDBPermission" time="0.010000"></testcase>
	</testsuite>
	<testsuite tests="23" failures="0" time="0.203000" name="github.com/cisco-open/go-lanai/pkg/data/repo" timestamp="2025-05-28T20:55:39Z">
		<properties>
			<property name="go.version" value="go1.24.3 linux/amd64"></property>
		</properties>
		<testcase classname="github.com/cisco-open/go-lanai/pkg/data/repo" name="TestGormSchemaResolver/TestSchemaResolverDirect" time="0.000000"></testcase>
		<testcase classname="github.com/cisco-open/go-lanai/pkg/data/repo" name="TestGormSchemaResolver/TestSchemaResolverIndirect" time="0.000000"></testcase>
		<testcase classname="github.com/cisco-open/go-lanai/pkg/data/repo" name="TestGormSchemaResolver/TestSchemaResolverMultiLvl" time="0.000000"></testcase>
		<testcase classname="github.com/cisco-open/go-lanai/pkg/data/repo" name="TestGormSchemaResolver" time="0.010000"></testcase>
		<testcase classname="github.com/cisco-open/go-lanai/pkg/data/repo" name="TestGormCRUDRepository/TestFindOne" time="0.000000"></testcase>
		<testcase classname="github.com/cisco-open/go-lanai/pkg/data/repo" name="TestGormCRUDRepository/TestFindAll" time="0.010000"></testcase>
		<testcase classname="github.com/cisco-open/go-lanai/pkg/data/repo" name="TestGormCRUDRepository/TestFindCount" time="0.000000"></testcase>
		<testcase classname="github.com/cisco-open/go-lanai/pkg/data/repo" name="TestGormCRUDRepository/TestCreate" time="0.000000"></testcase>
		<testcase classname="github.com/cisco-open/go-lanai/pkg/data/repo" name="TestGormCRUDRepository/TestSave" time="0.000000"></testcase>
		<testcase classname="github.com/cisco-open/go-lanai/pkg/data/repo" name="TestGormCRUDRepository/TestUpdates" time="0.000000"></testcase>
		<testcase classname="github.com/cisco-open/go-lanai/pkg/data/repo" name="TestGormCRUDRepository/TestDelete" time="0.000000"></testcase>
		<testcase classname="github.com/cisco-open/go-lanai/pkg/data/repo" name="TestGormCRUDRepository/TestRepoSyntax" time="0.000000"></testcase>
		<testcase classname="github.com/cisco-open/go-lanai/pkg/data/repo" name="TestGormCRUDRepository/TestPageAndSort" time="0.010000"></testcase>
		<testcase classname="github.com/cisco-open/go-lanai/pkg/data/repo" name="TestGormCRUDRepository/TestUtilFunctions" time="0.000000"></testcase>
		<testcase classname="github.com/cisco-open/go-lanai/pkg/data/repo" name="TestGormCRUDRepository" time="0.050000"></testcase>
		<testcase classname="github.com/cisco-open/go-lanai/pkg/data/repo" name="TestGormUtils/TestResolveSchema" time="0.000000"></testcase>
		<testcase classname="github.com/cisco-open/go-lanai/pkg/data/repo" name="TestGormUtils/TestCheckUniqueness" time="0.000000"></testcase>
		<testcase classname="github.com/cisco-open/go-lanai/pkg/data/repo" name="TestGormUtils" time="0.020000"></testcase>
		<testcase classname="github.com/cisco-open/go-lanai/pkg/data/repo" name="TestCockroachTransactions/TestTransactionRetry" time="0.000000"></testcase>
		<testcase classname="github.com/cisco-open/go-lanai/pkg/data/repo" name="TestCockroachTransactions/SubTestManualTransactionRetry" time="0.000000"></testcase>
		<testcase classname="github.com/cisco-open/go-lanai/pkg/data/repo" name="TestCockroachTransactions/SubTestNestedManualTransactionRollback" time="0.000000"></testcase>
		<testcase classname="github.com/cisco-open/go-lanai/pkg/data/repo" name="TestCockroachTransactions/SubTestNestedManualTransaction" time="0.000000"></testcase>
		<testcase classname="github.com/cisco-open/go-lanai/pkg/data/repo" name="TestCockroachTransactions" time="0.030000"></testcase>
	</testsuite>
	<testsuite tests="2" failures="0" time="0.114000" name="github.com/cisco-open/go-lanai/pkg/data/tx" timestamp="2025-05-28T20:55:39Z">
		<properties>
			<property name="go.version" value="go1.24.3 linux/amd64"></property>
		</properties>
		<testcase classname="github.com/cisco-open/go-lanai/pkg/data/tx" name="TestOverridingTxManager/VerifyNoopTxManager" time="0.000000"></testcase>
		<testcase classname="github.com/cisco-open/go-lanai/pkg/data/tx" name="TestOverridingTxManager" time="0.010000"></testcase>
	</testsuite>
	<testsuite tests="6" failures="0" time="0.121000" name="github.com/cisco-open/go-lanai/pkg/data/types" timestamp="2025-05-28T20:55:39Z">
		<properties>
			<property name="go.version" value="go1.24.3 linux/amd64"></property>
		</properties>
		<testcase classname="github.com/cisco-open/go-lanai/pkg/data/types" name="TestBoolFilter/DefaultFilterWithoutJoin" time="0.000000"></testcase>
		<testcase classname="github.com/cisco-open/go-lanai/pkg/data/types" name="TestBoolFilter/NegFilterWithoutJoin" time="0.000000"></testcase>
		<testcase classname="github.com/cisco-open/go-lanai/pkg/data/types" name="TestBoolFilter/OptInFilterWithoutJoin" time="0.010000"></testcase>
		<testcase classname="github.com/cisco-open/go-lanai/pkg/data/types" name="TestBoolFilter/FilterWithOverride" time="0.000000"></testcase>
		<testcase classname="github.com/cisco-open/go-lanai/pkg/data/types" name="TestBoolFilter/FilterWithAdditionalScope" time="0.010000"></testcase>
		<testcase classname="github.com/cisco-open/go-lanai/pkg/data/types" name="TestBoolFilter" time="0.040000"></testcase>
	</testsuite>
	<testsuite tests="94" failures="0" time="0.176000" name="github.com/cisco-open/go-lanai/pkg/data/types/pqcrypt" timestamp="2025-05-28T20:55:39Z">
		<properties>
			<property name="go.version" value="go1.24.3 linux/amd64"></property>
		</properties>
		<testcase classname="github.com/cisco-open/go-lanai/pkg/data/types/pqcrypt" name="TestParseEncryptedData/V1PlainStandard" time="0.000000"></testcase>
		<testcase classname="github.com/cisco-open/go-lanai/pkg/data/types/pqcrypt" name="TestParseEncryptedData/V1PlainVariants" time="0.000000"></testcase>
		<testcase classname="github.com/cisco-open/go-lanai/pkg/data/types/pqcrypt" name="TestParseEncryptedData/V1Encrypted" time="0.000000"></testcase>
		<testcase classname="github.com/cisco-open/go-lanai/pkg/data/types/pqcrypt" name="TestParseEncryptedData/V1PlainInvalid" time="0.000000"></testcase>
		<testcase classname="github.com/cisco-open/go-lanai/pkg/data/types/pqcrypt" name="TestParseEncryptedData/V2PlainStandard" time="0.000000"></testcase>
		<testcase classname="github.com/cisco-open/go-lanai/pkg/data/types/pqcrypt" name="TestParseEncryptedData/V2PlainVariants" time="0.000000"></testcase>
		<testcase classname="github.com/cisco-open/go-lanai/pkg/data/types/pqcrypt" name="TestParseEncryptedData/V2Encrypted" time="0.000000"></testcase>
		<testcase classname="github.com/cisco-open/go-lanai/pkg/data/types/pqcrypt" name="TestParseEncryptedData/V2PlainInvalid" time="0.000000"></testcase>
		<testcase classname="github.com/cisco-open/go-lanai/pkg/data/types/pqcrypt" name="TestParseEncryptedData" time="0.000000"></testcase>
		<testcase classname="github.com/cisco-open/go-lanai/pkg/data/types/pqcrypt" name="TestJsonUnmarshal/V2JsonPlainStandard" time="0.000000"></testcase>
		<testcase classname="github.com/cisco-open/go-lanai/pkg/data/types/pqcrypt" name="TestJsonUnmarshal/V2JsonPlainVariants" time="0.000000"></testcase>
		<testcase classname="github.com/cisco-open/go-lanai/pkg/data/types/pqcrypt" name="TestJsonUnmarshal/V2JsonEncrypted" time="0.000000"></testcase>
		<testcase classname="github.com/cisco-open/go-lanai/pkg/data/types/pqcrypt" name="TestJsonUnmarshal/V2JsonPlainInvalid" time="0.000000"></testcase>
		<testcase classname="github.com/cisco-open/go-lanai/pkg/data/types/pqcrypt" name="TestJsonUnmarshal" time="0.000000"></testcase>
		<testcase classname="github.com/cisco-open/go-lanai/pkg/data/types/pqcrypt" name="TestJsonbValuer/ConvertPlain" time="0.000000"></testcase>
		<testcase classname="github.com/cisco-open/go-lanai/pkg/data/types/pqcrypt" name="TestJsonbValuer/ConvertEncrypted" time="0.000000"></testcase>
		<testcase classname="github.com/cisco-open/go-lanai/pkg/data/types/pqcrypt" name="TestJsonbValuer" time="0.000000"></testcase>
		<testcase classname="github.com/cisco-open/go-lanai/pkg/data/types/pqcrypt" name="TestJsonbScanner/ScanV2Plain" time="0.000000"></testcase>
		<testcase classname="github.com/cisco-open/go-lanai/pkg/data/types/pqcrypt" name="TestJsonbScanner/ScanV2Encrypted" time="0.000000"></testcase>
		<testcase classname="github.com/cisco-open/go-lanai/pkg/data/types/pqcrypt" name="TestJsonbScanner/ScanV2Variants" time="0.000000"></testcase>
		<testcase classname="github.com/cisco-open/go-lanai/pkg/data/types/pqcrypt" name="TestJsonbScanner/ScanV1" time="0.000000"></testcase>
		<testcase classname="github.com/cisco-open/go-lanai/pkg/data/types/pqcrypt" name="TestJsonbScanner/ScanInvalidV1" time="0.000000"></testcase>
		<testcase classname="github.com/cisco-open/go-lanai/pkg/data/types/pqcrypt" name="TestJsonbScanner/ScanInvalidV2" time="0.000000"></testcase>
		<testcase classname="github.com/cisco-open/go-lanai/pkg/data/types/pqcrypt" name="TestJsonbScanner" time="0.000000"></testcase>
		<testcase classname="github.com/cisco-open/go-lanai/pkg/data/types/pqcrypt" name="TestPlainTextEncryptor/PlainTextMap" time="0.000000"></testcase>
		<testcase classname="github.com/cisco-open/go-lanai/pkg/data/types/pqcrypt" name="TestPlainTextEncryptor/PlainTextString" time="0.000000"></testcase>
		<testcase classname="github.com/cisco-open/go-lanai/pkg/data/types/pqcrypt" name="TestPlainTextEncryptor/PlainTextSlice" time="0.000000"></testcase>
		<testcase classname="github.com/cisco-open/go-lanai/pkg/data/types/pqcrypt" name="TestPlainTextEncryptor/PlainTextNil" time="0.000000"></testcase>
		<testcase classname="github.com/cisco-open/go-lanai/pkg/data/types/pqcrypt" name="TestPlainTextEncryptor" time="0.000000"></testcase>
		<testcase classname="github.com/cisco-open/go-lanai/pkg/data/types/pqcrypt" name="TestPlainTextV1Decryption/PlainTextMap" time="0.000000"></testcase>
		<testcase classname="github.com/cisco-open/go-lanai/pkg/data/types/pqcrypt" name="TestPlainTextV1Decryption/PlainTextString" time="0.000000"></testcase>
		<testcase classname="github.com/cisco-open/go-lanai/pkg/data/types/pqcrypt" name="TestPlainTextV1Decryption/PlainTextSlice" time="0.000000"></testcase>
		<testcase classname="github.com/cisco-open/go-lanai/pkg/data/types/pqcrypt" name="TestPlainTextV1Decryption/PlainTextJsonNull" time="0.000000"></testcase>
		<testcase classname="github.com/cisco-open/go-lanai/pkg/data/types/pqcrypt" name="TestPlainTextV1Decryption/PlainTextNil" time="0.000000"></testcase>
		<testcase classname="github.com/cisco-open/go-lanai/pkg/data/types/pqcrypt" name="TestPlainTextV1Decryption" time="0.000000"></testcase>
		<testcase classname="github.com/cisco-open/go-lanai/pkg/data/types/pqcrypt" name="TestPlainTextFailedEncrypt/InvalidKeyID" time="0.000000"></testcase>
		<testcase classname="github.com/cisco-open/go-lanai/pkg/data/types/pqcrypt" name="TestPlainTextFailedEncrypt" time="0.000000"></testcase>
		<testcase classname="github.com/cisco-open/go-lanai/pkg/data/types/pqcrypt" name="TestPlainTextFailedDecrypt/InvalidVersion" time="0.000000"></testcase>
		<testcase classname="github.com/cisco-open/go-lanai/pkg/data/types/pqcrypt" name="TestPlainTextFailedDecrypt/V1UnsupportedAlg" time="0.000000"></testcase>
		<testcase classname="github.com/cisco-open/go-lanai/pkg/data/types/pqcrypt" name="TestPlainTextFailedDecrypt/V2UnsupportedAlg" time="0.000000"></testcase>
		<testcase classname="github.com/cisco-open/go-lanai/pkg/data/types/pqcrypt" name="TestPlainTextFailedDecrypt/AssignmentNonPointer" time="0.000000"></testcase>
		<testcase classname="github.com/cisco-open/go-lanai/pkg/data/types/pqcrypt" name="TestPlainTextFailedDecrypt/AssignmentTypeMismatch" time="0.000000"></testcase>
		<testcase classname="github.com/cisco-open/go-lanai/pkg/data/types/pqcrypt" name="TestPlainTextFailedDecrypt" time="0.000000"></testcase>
		<testcase classname="github.com/cisco-open/go-lanai/pkg/data/types/pqcrypt" name="TestVaultEncryptorWithRealVault/VaultMap" time="0.000000"></testcase>
		<testcase classname="github.com/cisco-open/go-lanai/pkg/data/types/pqcrypt" name="TestVaultEncryptorWithRealVault/VaultString" time="0.000000"></testcase>
		<testcase classname="github.com/cisco-open/go-lanai/pkg/data/types/pqcrypt" name="TestVaultEncryptorWithRealVault/VaultSlice" time="0.000000"></testcase>
		<testcase classname="github.com/cisco-open/go-lanai/pkg/data/types/pqcrypt" name="TestVaultEncryptorWithRealVault/VaultNil" time="0.000000"></testcase>
		<testcase classname="github.com/cisco-open/go-lanai/pkg/data/types/pqcrypt" name="TestVaultEncryptorWithRealVault/VaultCreateKeySuccess" time="0.000000"></testcase>
		<testcase classname="github.com/cisco-open/go-lanai/pkg/data/types/pqcrypt" name="TestVaultEncryptorWithRealVault/VaultCreateKeyFail" time="0.000000"></testcase>
		<testcase classname="github.com/cisco-open/go-lanai/pkg/data/types/pqcrypt" name="TestVaultEncryptorWithRealVault" time="0.030000"></testcase>
		<testcase classname="github.com/cisco-open/go-lanai/pkg/data/types/pqcrypt" name="TestVaultEncryptorWithMockedTransitEngine/VaultMap" time="0.000000"></testcase>
		<testcase classname="github.com/cisco-open/go-lanai/pkg/data/types/pqcrypt" name="TestVaultEncryptorWithMockedTransitEngine/VaultString" time="0.000000"></testcase>
		<testcase classname="github.com/cisco-open/go-lanai/pkg/data/types/pqcrypt" name="TestVaultEncryptorWithMockedTransitEngine/VaultSlice" time="0.000000"></testcase>
		<testcase classname="github.com/cisco-open/go-lanai/pkg/data/types/pqcrypt" name="TestVaultEncryptorWithMockedTransitEngine/VaultNil" time="0.000000"></testcase>
		<testcase classname="github.com/cisco-open/go-lanai/pkg/data/types/pqcrypt" name="TestVaultEncryptorWithMockedTransitEngine/VaultCreateKeySuccess" time="0.000000"></testcase>
		<testcase classname="github.com/cisco-open/go-lanai/pkg/data/types/pqcrypt" name="TestVaultEncryptorWithMockedTransitEngine/VaultCreateKeyFail" time="0.000000"></testcase>
		<testcase classname="github.com/cisco-open/go-lanai/pkg/data/types/pqcrypt" name="TestVaultEncryptorWithMockedTransitEngine" time="0.010000"></testcase>
		<testcase classname="github.com/cisco-open/go-lanai/pkg/data/types/pqcrypt" name="TestV1DecryptionWithMockedTransitEngine/PlainTextMap" time="0.000000"></testcase>
		<testcase classname="github.com/cisco-open/go-lanai/pkg/data/types/pqcrypt" name="TestV1DecryptionWithMockedTransitEngine/PlainTextString" time="0.000000"></testcase>
		<testcase classname="github.com/cisco-open/go-lanai/pkg/data/types/pqcrypt" name="TestV1DecryptionWithMockedTransitEngine/PlainTextSlice" time="0.000000"></testcase>
		<testcase classname="github.com/cisco-open/go-lanai/pkg/data/types/pqcrypt" name="TestV1DecryptionWithMockedTransitEngine/PlainTextNil" time="0.000000"></testcase>
		<testcase classname="github.com/cisco-open/go-lanai/pkg/data/types/pqcrypt" name="TestV1DecryptionWithMockedTransitEngine" time="0.000000"></testcase>
		<testcase classname="github.com/cisco-open/go-lanai/pkg/data/types/pqcrypt" name="TestVaultFailedEncrypt/EncryptWithoutKeyID" time="0.000000"></testcase>
		<testcase classname="github.com/cisco-open/go-lanai/pkg/data/types/pqcrypt" name="TestVaultFailedEncrypt/EncryptWithBadKeyID" time="0.000000"></testcase>
		<testcase classname="github.com/cisco-open/go-lanai/pkg/data/types/pqcrypt" name="TestVaultFailedEncrypt" time="0.000000"></testcase>
		<testcase classname="github.com/cisco-open/go-lanai/pkg/data/types/pqcrypt" name="TestVaultFailedDecrypt/InvalidVersion" time="0.000000"></testcase>
		<testcase classname="github.com/cisco-open/go-lanai/pkg/data/types/pqcrypt" name="TestVaultFailedDecrypt/V1UnsupportedAlg" time="0.000000"></testcase>
		<testcase classname="github.com/cisco-open/go-lanai/pkg/data/types/pqcrypt" name="TestVaultFailedDecrypt/V2UnsupportedAlg" time="0.000000"></testcase>
		<testcase classname="github.com/cisco-open/go-lanai/pkg/data/types/pqcrypt" name="TestVaultFailedDecrypt/DecryptWithoutKeyID" time="0.000000"></testcase>
		<testcase classname="github.com/cisco-open/go-lanai/pkg/data/types/pqcrypt" name="TestVaultFailedDecrypt/DecryptWithBadKeyID" time="0.000000"></testcase>
		<testcase classname="github.com/cisco-open/go-lanai/pkg/data/types/pqcrypt" name="TestVaultFailedDecrypt" time="0.000000"></testcase>
		<testcase classname="github.com/cisco-open/go-lanai/pkg/data/types/pqcrypt" name="TestCreateKey/CreateKeySuccess" time="0.000000"></testcase>
		<testcase classname="github.com/cisco-open/go-lanai/pkg/data/types/pqcrypt" name="TestCreateKey/CreateKeyFail" time="0.000000"></testcase>
		<testcase classname="github.com/cisco-open/go-lanai/pkg/data/types/pqcrypt" name="TestCreateKey" time="0.010000"></testcase>
		<testcase classname="github.com/cisco-open/go-lanai/pkg/data/types/pqcrypt" name="TestNoopCreateKey/CreateKeyWithValidKey" time="0.000000"></testcase>
		<testcase classname="github.com/cisco-open/go-lanai/pkg/data/types/pqcrypt" name="TestNoopCreateKey/CreateKeyWithInvalidKey" time="0.000000"></testcase>
		<testcase classname="github.com/cisco-open/go-lanai/pkg/data/types/pqcrypt" name="TestNoopCreateKey" time="0.010000"></testcase>
		<testcase classname="github.com/cisco-open/go-lanai/pkg/data/types/pqcrypt" name="TestEncryptedMapWithEncryptionEnabled/SuccessfulSqlScanWithV1PlainText" time="0.000000"></testcase>
		<testcase classname="github.com/cisco-open/go-lanai/pkg/data/types/pqcrypt" name="TestEncryptedMapWithEncryptionEnabled/SuccessfulSqlScanWithV2PlainText" time="0.000000"></testcase>
		<testcase classname="github.com/cisco-open/go-lanai/pkg/data/types/pqcrypt" name="TestEncryptedMapWithEncryptionEnabled/SuccessfulSqlScanWithV1MockedVault" time="0.000000"></testcase>
		<testcase classname="github.com/cisco-open/go-lanai/pkg/data/types/pqcrypt" name="TestEncryptedMapWithEncryptionEnabled/SuccessfulSqlScanWithV2MockedVault" time="0.000000"></testcase>
		<testcase classname="github.com/cisco-open/go-lanai/pkg/data/types/pqcrypt" name="TestEncryptedMapWithEncryptionEnabled/SuccessfulSqlValue" time="0.000000"></testcase>
		<testcase classname="github.com/cisco-open/go-lanai/pkg/data/types/pqcrypt" name="TestEncryptedMapWithEncryptionEnabled/FailedSqlScanWithV2PlainText" time="0.000000"></testcase>
		<testcase classname="github.com/cisco-open/go-lanai/pkg/data/types/pqcrypt" name="TestEncryptedMapWithEncryptionEnabled/FailedSqlScanWithV2MockedVault" time="0.000000"></testcase>
		<testcase classname="github.com/cisco-open/go-lanai/pkg/data/types/pqcrypt" name="TestEncryptedMapWithEncryptionEnabled/FailedSqlValueWithInvalidKeyIDAndAlg" time="0.000000"></testcase>
		<testcase classname="github.com/cisco-open/go-lanai/pkg/data/types/pqcrypt" name="TestEncryptedMapWithEncryptionEnabled" time="0.020000"></testcase>
		<testcase classname="github.com/cisco-open/go-lanai/pkg/data/types/pqcrypt" name="TestEncryptedMapWithEncryptionDisabled/SuccessfulSqlScanWithV1PlainText" time="0.000000"></testcase>
		<testcase classname="github.com/cisco-open/go-lanai/pkg/data/types/pqcrypt" name="TestEncryptedMapWithEncryptionDisabled/SuccessfulSqlScanWithV2PlainText" time="0.000000"></testcase>
		<testcase classname="github.com/cisco-open/go-lanai/pkg/data/types/pqcrypt" name="TestEncryptedMapWithEncryptionDisabled/SuccessfulSqlValue" time="0.000000"></testcase>
		<testcase classname="github.com/cisco-open/go-lanai/pkg/data/types/pqcrypt" name="TestEncryptedMapWithEncryptionDisabled/FailedSqlScanWithV1MockedVault" time="0.000000"></testcase>
		<testcase classname="github.com/cisco-open/go-lanai/pkg/data/types/pqcrypt" name="TestEncryptedMapWithEncryptionDisabled/FailedSqlScanWithV2MockedVault" time="0.000000"></testcase>
		<testcase classname="github.com/cisco-open/go-lanai/pkg/data/types/pqcrypt" name="TestEncryptedMapWithEncryptionDisabled/FailedSqlScanWithV2PlainText" time="0.000000"></testcase>
		<testcase classname="github.com/cisco-open/go-lanai/pkg/data/types/pqcrypt" name="TestEncryptedMapWithEncryptionDisabled/FailedSqlValueWithInvalidKeyIDAndAlg" time="0.000000"></testcase>
		<testcase classname="github.com/cisco-open/go-lanai/pkg/data/types/pqcrypt" name="TestEncryptedMapWithEncryptionDisabled" time="0.010000"></testcase>
	</testsuite>
	<testsuite tests="34" failures="0" time="0.202000" name="github.com/cisco-open/go-lanai/pkg/data/types/pqx" timestamp="2025-05-28T20:55:39Z">
		<properties>
			<property name="go.version" value="go1.24.3 linux/amd64"></property>
		</properties>
		<testcase classname="github.com/cisco-open/go-lanai/pkg/data/types/pqx" name="TestGormModel/CreateModelWithTenancy" time="0.000000"></testcase>
		<testcase classname="github.com/cisco-open/go-lanai/pkg/data/types/pqx" name="TestGormModel/UpdateModelWithTenancy" time="0.000000"></testcase>
		<testcase classname="github.com/cisco-open/go-lanai/pkg/data/types/pqx" name="TestGormModel/DeleteModelWithTenancy" time="0.000000"></testcase>
		<testcase classname="github.com/cisco-open/go-lanai/pkg/data/types/pqx" name="TestGormModel" time="0.010000"></testcase>
		<testcase classname="github.com/cisco-open/go-lanai/pkg/data/types/pqx" name="TestTenancyEnforcementCRDB/TestSkipTenancyCheck" time="0.000000"></testcase>
		<testcase classname="github.com/cisco-open/go-lanai/pkg/data/types/pqx" name="TestTenancyEnforcementCRDB/TestSaveLoadedModel" time="0.000000"></testcase>
		<testcase classname="github.com/cisco-open/go-lanai/pkg/data/types/pqx" name="TestTenancyEnforcementCRDB/TestSaveLoadedModelNoAccess" time="0.000000"></testcase>
		<testcase classname="github.com/cisco-open/go-lanai/pkg/data/types/pqx" name="TestTenancyEnforcementCRDB/TestSaveSynthesizedModel" time="0.000000"></testcase>
		<testcase classname="github.com/cisco-open/go-lanai/pkg/data/types/pqx" name="TestTenancyEnforcementCRDB/TestSaveSynthesizedModelNoAccess" time="0.000000"></testcase>
		<testcase classname="github.com/cisco-open/go-lanai/pkg/data/types/pqx" name="TestTenancyEnforcementCRDB/TestUpdates" time="0.010000"></testcase>
		<testcase classname="github.com/cisco-open/go-lanai/pkg/data/types/pqx" name="TestTenancyEnforcementCRDB/TestUpdatesNoAccess" time="0.000000"></testcase>
		<testcase classname="github.com/cisco-open/go-lanai/pkg/data/types/pqx" name="TestTenancyEnforcementCRDB/TestUpdatesInvalidTarget" time="0.000000"></testcase>
		<testcase classname="github.com/cisco-open/go-lanai/pkg/data/types/pqx" name="TestTenancyEnforcementCRDB/TestDeleteLoadedModel" time="0.010000"></testcase>
		<testcase classname="github.com/cisco-open/go-lanai/pkg/data/types/pqx" name="TestTenancyEnforcementCRDB/TestDeleteSynthesizedModel" time="0.000000"></testcase>
		<testcase classname="github.com/cisco-open/go-lanai/pkg/data/types/pqx" name="TestTenancyEnforcementCRDB/TestDeleteLoadedModelNoAccess" time="0.000000"></testcase>
		<testcase classname="github.com/cisco-open/go-lanai/pkg/data/types/pqx" name="TestTenancyEnforcementCRDB/TestDeleteSynthesizedModelNoAccess" time="0.000000"></testcase>
		<testcase classname="github.com/cisco-open/go-lanai/pkg/data/types/pqx" name="TestTenancyEnforcementCRDB/TestRWModeFiltering" time="0.000000"></testcase>
		<testcase classname="github.com/cisco-open/go-lanai/pkg/data/types/pqx" name="TestTenancyEnforcementCRDB/TestWithoutSecurity" time="0.010000"></testcase>
		<testcase classname="github.com/cisco-open/go-lanai/pkg/data/types/pqx" name="TestTenancyEnforcementCRDB" time="0.060000"></testcase>
		<testcase classname="github.com/cisco-open/go-lanai/pkg/data/types/pqx" name="TestTenancyEnforcementPostgres/TestSkipTenancyCheck" time="0.000000"></testcase>
		<testcase classname="github.com/cisco-open/go-lanai/pkg/data/types/pqx" name="TestTenancyEnforcementPostgres/TestSaveLoadedModel" time="0.000000"></testcase>
		<testcase classname="github.com/cisco-open/go-lanai/pkg/data/types/pqx" name="TestTenancyEnforcementPostgres/TestSaveLoadedModelNoAccess" time="0.000000"></testcase>
		<testcase classname="github.com/cisco-open/go-lanai/pkg/data/types/pqx" name="TestTenancyEnforcementPostgres/TestSaveSynthesizedModel" time="0.000000"></testcase>
		<testcase classname="github.com/cisco-open/go-lanai/pkg/data/types/pqx" name="TestTenancyEnforcementPostgres/TestSaveSynthesizedModelNoAccess" time="0.000000"></testcase>
		<testcase classname="github.com/cisco-open/go-lanai/pkg/data/types/pqx" name="TestTenancyEnforcementPostgres/TestUpdates" time="0.000000"></testcase>
		<testcase classname="github.com/cisco-open/go-lanai/pkg/data/types/pqx" name="TestTenancyEnforcementPostgres/TestUpdatesNoAccess" time="0.000000"></testcase>
		<testcase classname="github.com/cisco-open/go-lanai/pkg/data/types/pqx" name="TestTenancyEnforcementPostgres/TestUpdatesInvalidTarget" time="0.000000"></testcase>
		<testcase classname="github.com/cisco-open/go-lanai/pkg/data/types/pqx" name="TestTenancyEnforcementPostgres/TestDeleteLoadedModel" time="0.000000"></testcase>
		<testcase classname="github.com/cisco-open/go-lanai/pkg/data/types/pqx" name="TestTenancyEnforcementPostgres/TestDeleteSynthesizedModel" time="0.000000"></testcase>
		<testcase classname="github.com/cisco-open/go-lanai/pkg/data/types/pqx" name="TestTenancyEnforcementPostgres/TestDeleteLoadedModelNoAccess" time="0.000000"></testcase>
		<testcase classname="github.com/cisco-open/go-lanai/pkg/data/types/pqx" name="TestTenancyEnforcementPostgres/TestDeleteSynthesizedModelNoAccess" time="0.000000"></testcase>
		<testcase classname="github.com/cisco-open/go-lanai/pkg/data/types/pqx" name="TestTenancyEnforcementPostgres/TestRWModeFiltering" time="0.000000"></testcase>
		<testcase classname="github.com/cisco-open/go-lanai/pkg/data/types/pqx" name="TestTenancyEnforcementPostgres/TestWithoutSecurity" time="0.000000"></testcase>
		<testcase classname="github.com/cisco-open/go-lanai/pkg/data/types/pqx" name="TestTenancyEnforcementPostgres" time="0.050000"></testcase>
	</testsuite>
	<testsuite tests="3" failures="0" time="0.081000" name="github.com/cisco-open/go-lanai/pkg/discovery" timestamp="2025-05-28T20:55:39Z">
		<properties>
			<property name="go.version" value="go1.24.3 linux/amd64"></property>
		</properties>
		<testcase classname="github.com/cisco-open/go-lanai/pkg/discovery" name="TestCustomizers/BuildInfo" time="0.000000"></testcase>
		<testcase classname="github.com/cisco-open/go-lanai/pkg/discovery" name="TestCustomizers/PropertiesBased" time="0.000000"></testcase>
		<testcase classname="github.com/cisco-open/go-lanai/pkg/discovery" name="TestCustomizers" time="0.010000"></testcase>
	</testsuite>
	<testsuite tests="11" failures="0" time="0.204000" name="github.com/cisco-open/go-lanai/pkg/discovery/consulsd" timestamp="2025-05-28T20:55:39Z">
		<properties>
			<property name="go.version" value="go1.24.3 linux/amd64"></property>
		</properties>
		<testcase classname="github.com/cisco-open/go-lanai/pkg/discovery/consulsd" name="TestDiscoveryClient/TestInstancerManagement" time="0.010000"></testcase>
		<testcase classname="github.com/cisco-open/go-lanai/pkg/discovery/consulsd" name="TestDiscoveryClient/TestWithDefaultSelector" time="0.010000"></testcase>
		<testcase classname="github.com/cisco-open/go-lanai/pkg/discovery/consulsd" name="TestDiscoveryClient/TestWithSelectors" time="0.010000"></testcase>
		<testcase classname="github.com/cisco-open/go-lanai/pkg/discovery/consulsd" name="TestDiscoveryClient/TestWithServiceUpdates" time="0.060000"></testcase>
		<testcase classname="github.com/cisco-open/go-lanai/pkg/discovery/consulsd" name="TestDiscoveryClient" time="0.110000"></testcase>
		<testcase classname="github.com/cisco-open/go-lanai/pkg/discovery/consulsd" name="TestModuleInit/TestVerifyRegistration" time="0.000000"></testcase>
		<testcase classname="github.com/cisco-open/go-lanai/pkg/discovery/consulsd" name="TestModuleInit" time="0.010000"></testcase>
		<testcase classname="github.com/cisco-open/go-lanai/pkg/discovery/consulsd" name="TestRegistration/TestNewRegistration" time="0.000000"></testcase>
		<testcase classname="github.com/cisco-open/go-lanai/pkg/discovery/consulsd" name="TestRegistration/TestRegisterWithProperties" time="0.000000"></testcase>
		<testcase classname="github.com/cisco-open/go-lanai/pkg/discovery/consulsd" name="TestRegistration/TestRegisterWithCustomizers" time="0.000000"></testcase>
		<testcase classname="github.com/cisco-open/go-lanai/pkg/discovery/consulsd" name="TestRegistration" time="0.010000"></testcase>
	</testsuite>
	<testsuite tests="10" failures="0" time="0.368000" name="github.com/cisco-open/go-lanai/pkg/discovery/dnssd" timestamp="2025-05-28T20:55:39Z">
		<properties>
			<property name="go.version" value="go1.24.3 linux/amd64"></property>
		</properties>
		<testcase classname="github.com/cisco-open/go-lanai/pkg/discovery/dnssd" name="TestDiscoveryClient/TestInstancerManagement" time="0.000000"></testcase>
		<testcase classname="github.com/cisco-open/go-lanai/pkg/discovery/dnssd" name="TestDiscoveryClient/TestWithoutProto" time="0.000000"></testcase>
		<testcase classname="github.com/cisco-open/go-lanai/pkg/discovery/dnssd" name="TestDiscoveryClient/TestWithProtoAndService" time="0.000000"></testcase>
		<testcase classname="github.com/cisco-open/go-lanai/pkg/discovery/dnssd" name="TestDiscoveryClient/TestWithFallback" time="0.010000"></testcase>
		<testcase classname="github.com/cisco-open/go-lanai/pkg/discovery/dnssd" name="TestDiscoveryClient/TestWithServiceUpdates" time="0.050000"></testcase>
		<testcase classname="github.com/cisco-open/go-lanai/pkg/discovery/dnssd" name="TestDiscoveryClient" time="0.170000"></testcase>
		<testcase classname="github.com/cisco-open/go-lanai/pkg/discovery/dnssd" name="TestModuleInit/TestDiscoveryClientWithDNS" time="0.000000"></testcase>
		<testcase classname="github.com/cisco-open/go-lanai/pkg/discovery/dnssd" name="TestModuleInit/TestDiscoveryClientWithFallback" time="0.000000"></testcase>
		<testcase classname="github.com/cisco-open/go-lanai/pkg/discovery/dnssd" name="TestModuleInit/TestDiscoveryClientWithUnknownService" time="0.000000"></testcase>
		<testcase classname="github.com/cisco-open/go-lanai/pkg/discovery/dnssd" name="TestModuleInit" time="0.110000"></testcase>
	</testsuite>
	<testsuite tests="2" failures="0" time="0.326000" name="github.com/cisco-open/go-lanai/pkg/discovery/sd" timestamp="2025-05-28T20:55:39Z">
		<properties>
			<property name="go.version" value="go1.24.3 linux/amd64"></property>
		</properties>
		<testcase classname="github.com/cisco-open/go-lanai/pkg/discovery/sd" name="TestServiceCache/TestSetWithTTL" time="0.250000"></testcase>
		<testcase classname="github.com/cisco-open/go-lanai/pkg/discovery/sd" name="TestServiceCache" time="0.250000"></testcase>
	</testsuite>
	<testsuite tests="0" failures="0" time="0.005000" name="github.com/cisco-open/go-lanai/pkg/dsync" timestamp="2025-05-28T20:55:39Z">
		<properties>
			<property name="go.version" value="go1.24.3 linux/amd64"></property>
		</properties>
	</testsuite>
	<testsuite tests="9" failures="0" time="7.349000" name="github.com/cisco-open/go-lanai/pkg/dsync/consul" timestamp="2025-05-28T20:55:39Z">
		<properties>
			<property name="go.version" value="go1.24.3 linux/amd64"></property>
		</properties>
		<testcase classname="github.com/cisco-open/go-lanai/pkg/dsync/consul" name="TestConsulDSyncManager/TestTryLock" time="0.010000"></testcase>
		<testcase classname="github.com/cisco-open/go-lanai/pkg/dsync/consul" name="TestConsulDSyncManager/TestLockAndRelease" time="2.009000"></testcase>
		<testcase classname="github.com/cisco-open/go-lanai/pkg/dsync/consul" name="TestConsulDSyncManager/TestSessionRecovery" time="5.010000"></testcase>
		<testcase classname="github.com/cisco-open/go-lanai/pkg/dsync/consul" name="TestConsulDSyncManager/TestInvalidSession" time="0.100000"></testcase>
		<testcase classname="github.com/cisco-open/go-lanai/pkg/dsync/consul" name="TestConsulDSyncManager/TestCancelledContext" time="0.110000"></testcase>
		<testcase classname="github.com/cisco-open/go-lanai/pkg/dsync/consul" name="TestConsulDSyncManager" time="7.250000"></testcase>
		<testcase classname="github.com/cisco-open/go-lanai/pkg/dsync/consul" name="TestModuleInit/TestGettingLock" time="0.000000"></testcase>
		<testcase classname="github.com/cisco-open/go-lanai/pkg/dsync/consul" name="TestModuleInit/TestLeadershipLock" time="0.000000"></testcase>
		<testcase classname="github.com/cisco-open/go-lanai/pkg/dsync/consul" name="TestModuleInit" time="0.010000"></testcase>
	</testsuite>
	<testsuite tests="9" failures="0" time="1.065000" name="github.com/cisco-open/go-lanai/pkg/dsync/redis" timestamp="2025-05-28T20:55:39Z">
		<properties>
			<property name="go.version" value="go1.24.3 linux/amd64"></property>
		</properties>
		<testcase classname="github.com/cisco-open/go-lanai/pkg/dsync/redis" name="TestRedisDSyncManager/TestTryLock" time="0.000000"></testcase>
		<testcase classname="github.com/cisco-open/go-lanai/pkg/dsync/redis" name="TestRedisDSyncManager/TestLockAndRelease" time="0.210000"></testcase>
		<testcase classname="github.com/cisco-open/go-lanai/pkg/dsync/redis" name="TestRedisDSyncManager/TestRedisDownRecovery" time="0.350000"></testcase>
		<testcase classname="github.com/cisco-open/go-lanai/pkg/dsync/redis" name="TestRedisDSyncManager/TestRedisErrorRecovery" time="0.320000"></testcase>
		<testcase classname="github.com/cisco-open/go-lanai/pkg/dsync/redis" name="TestRedisDSyncManager/TestCancelledContext" time="0.100000"></testcase>
		<testcase classname="github.com/cisco-open/go-lanai/pkg/dsync/redis" name="TestRedisDSyncManager" time="0.990000"></testcase>
		<testcase classname="github.com/cisco-open/go-lanai/pkg/dsync/redis" name="TestModuleInit/TestGettingLock" time="0.000000"></testcase>
		<testcase classname="github.com/cisco-open/go-lanai/pkg/dsync/redis" name="TestModuleInit/TestLeadershipLock" time="0.000000"></testcase>
		<testcase classname="github.com/cisco-open/go-lanai/pkg/dsync/redis" name="TestModuleInit" time="0.010000"></testcase>
	</testsuite>
	<testsuite tests="19" failures="0" time="0.144000" name="github.com/cisco-open/go-lanai/pkg/integrate/httpclient" timestamp="2025-05-28T20:55:39Z">
		<properties>
			<property name="go.version" value="go1.24.3 linux/amd64"></property>
		</properties>
		<testcase classname="github.com/cisco-open/go-lanai/pkg/integrate/httpclient" name="TestWithMockedServer/TestWithFullInfoSD" time="0.000000"></testcase>
		<testcase classname="github.com/cisco-open/go-lanai/pkg/integrate/httpclient" name="TestWithMockedServer/TestWithPortOnlySD" time="0.000000"></testcase>
		<testcase classname="github.com/cisco-open/go-lanai/pkg/integrate/httpclient" name="TestWithMockedServer/TestWithNoInfoSD" time="0.000000"></testcase>
		<testcase classname="github.com/cisco-open/go-lanai/pkg/integrate/httpclient" name="TestWithMockedServer/TestWithSDNoResponseContent" time="0.000000"></testcase>
		<testcase classname="github.com/cisco-open/go-lanai/pkg/integrate/httpclient" name="TestWithMockedServer/TestWithBaseURL" time="0.000000"></testcase>
		<testcase classname="github.com/cisco-open/go-lanai/pkg/integrate/httpclient" name="TestWithMockedServer/TestWithBaseUrlFailure" time="0.000000"></testcase>
		<testcase classname="github.com/cisco-open/go-lanai/pkg/integrate/httpclient" name="TestWithMockedServer/TestWithSDFailure" time="0.000000"></testcase>
		<testcase classname="github.com/cisco-open/go-lanai/pkg/integrate/httpclient" name="TestWithMockedServer/TestWithErrorResponse" time="0.000000"></testcase>
		<testcase classname="github.com/cisco-open/go-lanai/pkg/integrate/httpclient" name="TestWithMockedServer/TestWithUnexpectedStatusCodeInErrorResponse" time="0.010000"></testcase>
		<testcase classname="github.com/cisco-open/go-lanai/pkg/integrate/httpclient" name="TestWithMockedServer/SubTestWithNoContentErrorResponse" time="0.000000"></testcase>
		<testcase classname="github.com/cisco-open/go-lanai/pkg/integrate/httpclient" name="TestWithMockedServer/TestWithFailedSD" time="0.000000"></testcase>
		<testcase classname="github.com/cisco-open/go-lanai/pkg/integrate/httpclient" name="TestWithMockedServer/TestWithRetry" time="0.040000"></testcase>
		<testcase classname="github.com/cisco-open/go-lanai/pkg/integrate/httpclient" name="TestWithMockedServer/TestWithTimeout" time="0.010000"></testcase>
		<testcase classname="github.com/cisco-open/go-lanai/pkg/integrate/httpclient" name="TestWithMockedServer/TestWithURLEncoded" time="0.000000"></testcase>
		<testcase classname="github.com/cisco-open/go-lanai/pkg/integrate/httpclient" name="TestWithMockedServer/TestWithAbsoluteUrl" time="0.000000"></testcase>
		<testcase classname="github.com/cisco-open/go-lanai/pkg/integrate/httpclient" name="TestWithMockedServer" time="0.080000"></testcase>
		<testcase classname="github.com/cisco-open/go-lanai/pkg/integrate/httpclient" name="TestHttpClientTracing/TestTraceWithExistingSpan" time="0.000000"></testcase>
		<testcase classname="github.com/cisco-open/go-lanai/pkg/integrate/httpclient" name="TestHttpClientTracing/TestTraceWithoutExistingSpan" time="0.000000"></testcase>
		<testcase classname="github.com/cisco-open/go-lanai/pkg/integrate/httpclient" name="TestHttpClientTracing" time="0.010000"></testcase>
	</testsuite>
	<testsuite tests="0" failures="0" time="0.004000" name="github.com/cisco-open/go-lanai/pkg/integrate/security" timestamp="2025-05-28T20:55:39Z">
		<properties>
			<property name="go.version" value="go1.24.3 linux/amd64"></property>
		</properties>
	</testsuite>
	<testsuite tests="30" failures="0" time="4.043000" name="github.com/cisco-open/go-lanai/pkg/integrate/security/scope" timestamp="2025-05-28T20:55:39Z">
		<properties>
			<property name="go.version" value="go1.24.3 linux/amd64"></property>
		</properties>
		<testcase classname="github.com/cisco-open/go-lanai/pkg/integrate/security/scope" name="TestCacheCorrectnessPositiveCases/CacheSuccessfulLoad" time="0.200000"></testcase>
		<testcase classname="github.com/cisco-open/go-lanai/pkg/integrate/security/scope" name="TestCacheCorrectnessPositiveCases/CacheFailedLoad" time="0.500000"></testcase>
		<testcase classname="github.com/cisco-open/go-lanai/pkg/integrate/security/scope" name="TestCacheCorrectnessPositiveCases/CacheOnDifferentKeys" time="0.300000"></testcase>
		<testcase classname="github.com/cisco-open/go-lanai/pkg/integrate/security/scope" name="TestCacheCorrectnessPositiveCases/CacheEvict" time="0.800000"></testcase>
		<testcase classname="github.com/cisco-open/go-lanai/pkg/integrate/security/scope" name="TestCacheCorrectnessPositiveCases" time="1.810000"></testcase>
		<testcase classname="github.com/cisco-open/go-lanai/pkg/integrate/security/scope" name="TestCacheConcurrency/CacheConcurrentSoapTest" time="1.950000"></testcase>
		<testcase classname="github.com/cisco-open/go-lanai/pkg/integrate/security/scope" name="TestCacheConcurrency" time="1.950000"></testcase>
		<testcase classname="github.com/cisco-open/go-lanai/pkg/integrate/security/scope" name="TestScopeManagerBasicBehavior/HookInvocation" time="0.000000"></testcase>
		<testcase classname="github.com/cisco-open/go-lanai/pkg/integrate/security/scope" name="TestScopeManagerBasicBehavior/SystemAccountLogin" time="0.000000"></testcase>
		<testcase classname="github.com/cisco-open/go-lanai/pkg/integrate/security/scope" name="TestScopeManagerBasicBehavior/SystemAccountWithTenant" time="0.000000"></testcase>
		<testcase classname="github.com/cisco-open/go-lanai/pkg/integrate/security/scope" name="TestScopeManagerBasicBehavior/SwitchUserUsingSysAcct" time="0.000000"></testcase>
		<testcase classname="github.com/cisco-open/go-lanai/pkg/integrate/security/scope" name="TestScopeManagerBasicBehavior/SwitchUserWithTenantUsingSysAcct" time="0.000000"></testcase>
		<testcase classname="github.com/cisco-open/go-lanai/pkg/integrate/security/scope" name="TestScopeManagerBasicBehavior/SwitchUser" time="0.000000"></testcase>
		<testcase classname="github.com/cisco-open/go-lanai/pkg/integrate/security/scope" name="TestScopeManagerBasicBehavior/SwitchUserWithTenant" time="0.000000"></testcase>
		<testcase classname="github.com/cisco-open/go-lanai/pkg/integrate/security/scope" name="TestScopeManagerBasicBehavior/SwitchTenant" time="0.000000"></testcase>
		<testcase classname="github.com/cisco-open/go-lanai/pkg/integrate/security/scope" name="TestScopeManagerBasicBehavior" time="0.010000"></testcase>
		<testcase classname="github.com/cisco-open/go-lanai/pkg/integrate/security/scope" name="TestScopeManagerWithAltSettings/BackoffOnError" time="0.200000"></testcase>
		<testcase classname="github.com/cisco-open/go-lanai/pkg/integrate/security/scope" name="TestScopeManagerWithAltSettings/ValidityNotGuaranteed" time="0.000000"></testcase>
		<testcase classname="github.com/cisco-open/go-lanai/pkg/integrate/security/scope" name="TestScopeManagerWithAltSettings/WithoutSysAcctConfig" time="0.000000"></testcase>
		<testcase classname="github.com/cisco-open/go-lanai/pkg/integrate/security/scope" name="TestScopeManagerWithAltSettings/WithoutCurrentAuth" time="0.000000"></testcase>
		<testcase classname="github.com/cisco-open/go-lanai/pkg/integrate/security/scope" name="TestScopeManagerWithAltSettings/InsufficientAccess" time="0.000000"></testcase>
		<testcase classname="github.com/cisco-open/go-lanai/pkg/integrate/security/scope" name="TestScopeManagerWithAltSettings/SwitchToSameUser" time="0.000000"></testcase>
		<testcase classname="github.com/cisco-open/go-lanai/pkg/integrate/security/scope" name="TestScopeManagerWithAltSettings/SwitchToSameTenant" time="0.000000"></testcase>
		<testcase classname="github.com/cisco-open/go-lanai/pkg/integrate/security/scope" name="TestScopeManagerWithAltSettings/RevokedToken" time="0.000000"></testcase>
		<testcase classname="github.com/cisco-open/go-lanai/pkg/integrate/security/scope" name="TestScopeManagerWithAltSettings" time="0.210000"></testcase>
		<testcase classname="github.com/cisco-open/go-lanai/pkg/integrate/security/scope" name="TestOverridingDefaultScopeManager/VerifyNoopScopeManager" time="0.000000"></testcase>
		<testcase classname="github.com/cisco-open/go-lanai/pkg/integrate/security/scope" name="TestOverridingDefaultScopeManager" time="0.000000"></testcase>
		<testcase classname="github.com/cisco-open/go-lanai/pkg/integrate/security/scope" name="TestHttpClientTracing/TestTraceWithExistingSpan" time="0.000000"></testcase>
		<testcase classname="github.com/cisco-open/go-lanai/pkg/integrate/security/scope" name="TestHttpClientTracing/TestTraceWithoutExistingSpan" time="0.000000"></testcase>
		<testcase classname="github.com/cisco-open/go-lanai/pkg/integrate/security/scope" name="TestHttpClientTracing" time="0.010000"></testcase>
	</testsuite>
	<testsuite tests="33" failures="0" time="0.076000" name="github.com/cisco-open/go-lanai/pkg/integrate/security/seclient" timestamp="2025-05-28T20:55:39Z">
		<properties>
			<property name="go.version" value="go1.24.3 linux/amd64"></property>
		</properties>
		<testcase classname="github.com/cisco-open/go-lanai/pkg/integrate/security/seclient" name="Test_remoteAuthClient_withClientAuth/Test_that_AuthOption_ID/Secret_have_higher_priority" time="0.000000"></testcase>
		<testcase classname="github.com/cisco-open/go-lanai/pkg/integrate/security/seclient" name="Test_remoteAuthClient_withClientAuth/Test_fallback" time="0.000000"></testcase>
		<testcase classname="github.com/cisco-open/go-lanai/pkg/integrate/security/seclient" name="Test_remoteAuthClient_withClientAuth" time="0.000000"></testcase>
		<testcase classname="github.com/cisco-open/go-lanai/pkg/integrate/security/seclient" name="TestWithNonEmptyURLValues/two_keys,_with_two_values" time="0.000000"></testcase>
		<testcase classname="github.com/cisco-open/go-lanai/pkg/integrate/security/seclient" name="TestWithNonEmptyURLValues/two_keys,_second_key_has_empty_values" time="0.000000"></testcase>
		<testcase classname="github.com/cisco-open/go-lanai/pkg/integrate/security/seclient" name="TestWithNonEmptyURLValues/two_keys,_both_have_empty_values" time="0.000000"></testcase>
		<testcase classname="github.com/cisco-open/go-lanai/pkg/integrate/security/seclient" name="TestWithNonEmptyURLValues/two_keys,_first_has_empty_values" time="0.000000"></testcase>
		<testcase classname="github.com/cisco-open/go-lanai/pkg/integrate/security/seclient" name="TestWithNonEmptyURLValues/two_keys,_first_has_empty_values,_but_using_urlValues" time="0.000000"></testcase>
		<testcase classname="github.com/cisco-open/go-lanai/pkg/integrate/security/seclient" name="TestWithNonEmptyURLValues/two_keys,_first_has_empty_values,_but_using_urlValues#01" time="0.000000"></testcase>
[...]
		<testcase classname="github.com/cisco-open/go-lanai/test/opensearchtest" name="TestOpenSearchPlayback/SubTestSearchTemplate" time="0.000000"></testcase>
		<testcase classname="github.com/cisco-open/go-lanai/test/opensearchtest" name="TestOpenSearchPlayback/SubTestHooks/Test_Before_hook_gets_called_before_the_After_hook,_and_shares_context" time="0.000000"></testcase>
		<testcase classname="github.com/cisco-open/go-lanai/test/opensearchtest" name="TestOpenSearchPlayback/SubTestHooks/Test_After_hook_can_detect_error_and_manipulate_response" time="0.000000"></testcase>
		<testcase classname="github.com/cisco-open/go-lanai/test/opensearchtest" name="TestOpenSearchPlayback/SubTestHooks/Test_adding_an_option_to_change_to_an_empty_index_to_cause_read_failure" time="0.000000"></testcase>
		<testcase classname="github.com/cisco-open/go-lanai/test/opensearchtest" name="TestOpenSearchPlayback/SubTestHooks" time="0.000000"></testcase>
		<testcase classname="github.com/cisco-open/go-lanai/test/opensearchtest" name="TestOpenSearchPlayback/SubTestTracer/Test_normal_trace" time="0.000000"></testcase>
		<testcase classname="github.com/cisco-open/go-lanai/test/opensearchtest" name="TestOpenSearchPlayback/SubTestTracer/Test_error_in_query" time="0.000000"></testcase>
		<testcase classname="github.com/cisco-open/go-lanai/test/opensearchtest" name="TestOpenSearchPlayback/SubTestTracer" time="0.000000"></testcase>
		<testcase classname="github.com/cisco-open/go-lanai/test/opensearchtest" name="TestOpenSearchPlayback/SubTestPing" time="0.000000"></testcase>
		<testcase classname="github.com/cisco-open/go-lanai/test/opensearchtest" name="TestOpenSearchPlayback/SubTestTimeBasedQuery" time="0.000000"></testcase>
		<testcase classname="github.com/cisco-open/go-lanai/test/opensearchtest" name="TestOpenSearchPlayback/SubTestTemplateAndAlias" time="0.000000"></testcase>
		<testcase classname="github.com/cisco-open/go-lanai/test/opensearchtest" name="TestOpenSearchPlayback/SubTestNewBulkIndexer" time="0.000000"></testcase>
		<testcase classname="github.com/cisco-open/go-lanai/test/opensearchtest" name="TestOpenSearchPlayback" time="0.040000"></testcase>
	</testsuite>
	<testsuite tests="0" failures="0" time="0.005000" name="github.com/cisco-open/go-lanai/test/samltest" timestamp="2025-05-28T20:55:39Z">
		<properties>
			<property name="go.version" value="go1.24.3 linux/amd64"></property>
		</properties>
	</testsuite>
	<testsuite tests="8" failures="0" time="0.092000" name="github.com/cisco-open/go-lanai/test/sdtest" timestamp="2025-05-28T20:55:39Z">
		<properties>
			<property name="go.version" value="go1.24.3 linux/amd64"></property>
		</properties>
		<testcase classname="github.com/cisco-open/go-lanai/test/sdtest" name="TestClientMock/TestTestBasicDiscovery" time="0.000000"></testcase>
		<testcase classname="github.com/cisco-open/go-lanai/test/sdtest" name="TestClientMock/TestTestDiscoveryUpdate" time="0.000000"></testcase>
		<testcase classname="github.com/cisco-open/go-lanai/test/sdtest" name="TestClientMock/TestTestDiscoveryError" time="0.000000"></testcase>
		<testcase classname="github.com/cisco-open/go-lanai/test/sdtest" name="TestClientMock" time="0.000000"></testcase>
		<testcase classname="github.com/cisco-open/go-lanai/test/sdtest" name="TestWithMockedSDWithFileDefinition/TestDiscovery" time="0.000000"></testcase>
		<testcase classname="github.com/cisco-open/go-lanai/test/sdtest" name="TestWithMockedSDWithFileDefinition" time="0.010000"></testcase>
		<testcase classname="github.com/cisco-open/go-lanai/test/sdtest" name="TestWithMockedSDWithPropertiesDefinition/TestDiscovery" time="0.000000"></testcase>
		<testcase classname="github.com/cisco-open/go-lanai/test/sdtest" name="TestWithMockedSDWithPropertiesDefinition" time="0.010000"></testcase>
	</testsuite>
	<testsuite tests="23" failures="0" time="0.137000" name="github.com/cisco-open/go-lanai/test/sectest" timestamp="2025-05-28T20:55:39Z">
		<properties>
			<property name="go.version" value="go1.24.3 linux/amd64"></property>
		</properties>
		<testcase classname="github.com/cisco-open/go-lanai/test/sectest" name="TestDefaultMWMocking/TestWithoutMockedContext" time="0.000000"></testcase>
		<testcase classname="github.com/cisco-open/go-lanai/test/sectest" name="TestDefaultMWMocking/TestWithMockedContext" time="0.000000"></testcase>
		<testcase classname="github.com/cisco-open/go-lanai/test/sectest" name="TestDefaultMWMocking" time="0.010000"></testcase>
		<testcase classname="github.com/cisco-open/go-lanai/test/sectest" name="TestCustomMWMocking/TestCustomOptions" time="0.000000"></testcase>
		<testcase classname="github.com/cisco-open/go-lanai/test/sectest" name="TestCustomMWMocking" time="0.010000"></testcase>
		<testcase classname="github.com/cisco-open/go-lanai/test/sectest" name="TestForceOverrideMWMocking/TestWithoutMockedContext" time="0.000000"></testcase>
		<testcase classname="github.com/cisco-open/go-lanai/test/sectest" name="TestForceOverrideMWMocking/TestWithMockedContext" time="0.000000"></testcase>
		<testcase classname="github.com/cisco-open/go-lanai/test/sectest" name="TestForceOverrideMWMocking" time="0.010000"></testcase>
		<testcase classname="github.com/cisco-open/go-lanai/test/sectest" name="TestRealServerMWMockingViaMocker/TestSuccessWithRealServer" time="0.000000"></testcase>
		<testcase classname="github.com/cisco-open/go-lanai/test/sectest" name="TestRealServerMWMockingViaMocker/TestFailedWithRealServer" time="0.000000"></testcase>
		<testcase classname="github.com/cisco-open/go-lanai/test/sectest" name="TestRealServerMWMockingViaMocker" time="0.010000"></testcase>
		<testcase classname="github.com/cisco-open/go-lanai/test/sectest" name="TestRealServerMWMockingViaConfigurer/TestSuccessWithRealServer" time="0.000000"></testcase>
		<testcase classname="github.com/cisco-open/go-lanai/test/sectest" name="TestRealServerMWMockingViaConfigurer/TestFailedWithRealServer" time="0.000000"></testcase>
		<testcase classname="github.com/cisco-open/go-lanai/test/sectest" name="TestRealServerMWMockingViaConfigurer" time="0.010000"></testcase>
		<testcase classname="github.com/cisco-open/go-lanai/test/sectest" name="TestScopeManagerBasicBehavior/SystemAccountLogin" time="0.000000"></testcase>
		<testcase classname="github.com/cisco-open/go-lanai/test/sectest" name="TestScopeManagerBasicBehavior/SystemAccountWithTenant" time="0.000000"></testcase>
		<testcase classname="github.com/cisco-open/go-lanai/test/sectest" name="TestScopeManagerBasicBehavior/SwitchUserUsingSysAcct" time="0.000000"></testcase>
		<testcase classname="github.com/cisco-open/go-lanai/test/sectest" name="TestScopeManagerBasicBehavior/SwitchUserWithTenantUsingSysAcct" time="0.000000"></testcase>
		<testcase classname="github.com/cisco-open/go-lanai/test/sectest" name="TestScopeManagerBasicBehavior/SwitchUser" time="0.000000"></testcase>
		<testcase classname="github.com/cisco-open/go-lanai/test/sectest" name="TestScopeManagerBasicBehavior/SwitchUserWithTenant" time="0.000000"></testcase>
		<testcase classname="github.com/cisco-open/go-lanai/test/sectest" name="TestScopeManagerBasicBehavior/SwitchTenant" time="0.000000"></testcase>
		<testcase classname="github.com/cisco-open/go-lanai/test/sectest" name="TestScopeManagerBasicBehavior/SwitchWithError" time="0.000000"></testcase>
		<testcase classname="github.com/cisco-open/go-lanai/test/sectest" name="TestScopeManagerBasicBehavior" time="0.010000"></testcase>
	</testsuite>
	<testsuite tests="12" failures="0" time="0.115000" name="github.com/cisco-open/go-lanai/test/sectest/examples" timestamp="2025-05-28T20:55:39Z">
		<properties>
			<property name="go.version" value="go1.24.3 linux/amd64"></property>
		</properties>
		<testcase classname="github.com/cisco-open/go-lanai/test/sectest/examples" name="TestUseDefaultSecurityScopeMocking/UseScope" time="0.000000"></testcase>
		<testcase classname="github.com/cisco-open/go-lanai/test/sectest/examples" name="TestUseDefaultSecurityScopeMocking" time="0.010000"></testcase>
		<testcase classname="github.com/cisco-open/go-lanai/test/sectest/examples" name="TestUseCustomSecurityScopeMocking/UseScope" time="0.000000"></testcase>
		<testcase classname="github.com/cisco-open/go-lanai/test/sectest/examples" name="TestUseCustomSecurityScopeMocking" time="0.010000"></testcase>
		<testcase classname="github.com/cisco-open/go-lanai/test/sectest/examples" name="TestCurrentSecurityContextMocking/MockCurrentSecurity" time="0.000000"></testcase>
		<testcase classname="github.com/cisco-open/go-lanai/test/sectest/examples" name="TestCurrentSecurityContextMocking" time="0.000000"></testcase>
		<testcase classname="github.com/cisco-open/go-lanai/test/sectest/examples" name="TestMockBothCurrentSecurityAndScope/MockBoth" time="0.000000"></testcase>
		<testcase classname="github.com/cisco-open/go-lanai/test/sectest/examples" name="TestMockBothCurrentSecurityAndScope" time="0.000000"></testcase>
		<testcase classname="github.com/cisco-open/go-lanai/test/sectest/examples" name="TestWithMockedServer/MockedServerWithMockedContext" time="0.000000"></testcase>
		<testcase classname="github.com/cisco-open/go-lanai/test/sectest/examples" name="TestWithMockedServer" time="0.010000"></testcase>
		<testcase classname="github.com/cisco-open/go-lanai/test/sectest/examples" name="TestWithRealServer/RealServerWithHeader" time="0.000000"></testcase>
		<testcase classname="github.com/cisco-open/go-lanai/test/sectest/examples" name="TestWithRealServer" time="0.010000"></testcase>
	</testsuite>
	<testsuite tests="5" failures="0" time="0.073000" name="github.com/cisco-open/go-lanai/test/suitetest" timestamp="2025-05-28T20:55:39Z">
		<properties>
			<property name="go.version" value="go1.24.3 linux/amd64"></property>
		</properties>
		<testcase classname="github.com/cisco-open/go-lanai/test/suitetest" name="TestSuiteHookInvocations" time="0.000000"></testcase>
		<testcase classname="github.com/cisco-open/go-lanai/test/suitetest" name="TestAllHookInvocations/DummySubTest@Xxb4" time="0.000000"></testcase>
		<testcase classname="github.com/cisco-open/go-lanai/test/suitetest" name="TestAllHookInvocations/DummySubTest@eQPC" time="0.000000"></testcase>
		<testcase classname="github.com/cisco-open/go-lanai/test/suitetest" name="TestAllHookInvocations/DummySubTest@0M6T" time="0.000000"></testcase>
		<testcase classname="github.com/cisco-open/go-lanai/test/suitetest" name="TestAllHookInvocations" time="0.000000"></testcase>
	</testsuite>
	<testsuite tests="2" failures="0" time="0.063000" name="github.com/cisco-open/go-lanai/test/utils" timestamp="2025-05-28T20:55:39Z">
		<properties>
			<property name="go.version" value="go1.24.3 linux/amd64"></property>
		</properties>
		<testcase classname="github.com/cisco-open/go-lanai/test/utils" name="TestPackageDirectory" time="0.000000"></testcase>
		<testcase classname="github.com/cisco-open/go-lanai/test/utils" name="TestProjectDirectory" time="0.000000"></testcase>
	</testsuite>
	<testsuite tests="20" failures="0" time="0.077000" name="github.com/cisco-open/go-lanai/test/utils/golden" timestamp="2025-05-28T20:55:39Z">
		<properties>
			<property name="go.version" value="go1.24.3 linux/amd64"></property>
		</properties>
		<testcase classname="github.com/cisco-open/go-lanai/test/utils/golden" name="TestGetGoldenFilePath/test_a_standard_non_subtest_test" time="0.000000"></testcase>
		<testcase classname="github.com/cisco-open/go-lanai/test/utils/golden" name="TestGetGoldenFilePath/test_a_standard_non_subtest_test_with_snake_case_already" time="0.000000"></testcase>
		<testcase classname="github.com/cisco-open/go-lanai/test/utils/golden" name="TestGetGoldenFilePath" time="0.000000"></testcase>
		<testcase classname="github.com/cisco-open/go-lanai/test/utils/golden" name="TestWithAppTest/SubTestWithoutTableDriven" time="0.000000"></testcase>
		<testcase classname="github.com/cisco-open/go-lanai/test/utils/golden" name="TestWithAppTest/SubTestWithTableDriven/test_a_standard_non_subtest_test" time="0.000000"></testcase>
		<testcase classname="github.com/cisco-open/go-lanai/test/utils/golden" name="TestWithAppTest/SubTestWithTableDriven/test_a_standard_non_subtest_test_with_snake_case_already" time="0.000000"></testcase>
		<testcase classname="github.com/cisco-open/go-lanai/test/utils/golden" name="TestWithAppTest/SubTestWithTableDriven/TestName,_ToBe.snake_case_with_lowerCase" time="0.000000"></testcase>
		<testcase classname="github.com/cisco-open/go-lanai/test/utils/golden" name="TestWithAppTest/SubTestWithTableDriven" time="0.000000"></testcase>
		<testcase classname="github.com/cisco-open/go-lanai/test/utils/golden" name="TestWithAppTest" time="0.010000"></testcase>
		<testcase classname="github.com/cisco-open/go-lanai/test/utils/golden" name="TestAssert/Test_Correct_Struct_Data,_expects_no_error" time="0.000000"></testcase>
		<testcase classname="github.com/cisco-open/go-lanai/test/utils/golden" name="TestAssert/Test_Incorrect_Struct_Data,_expects_no_error" time="0.000000"></testcase>
		<testcase classname="github.com/cisco-open/go-lanai/test/utils/golden" name="TestAssert/Test_nil_Data,_expects_fatal_error" time="0.000000"></testcase>
		<testcase classname="github.com/cisco-open/go-lanai/test/utils/golden" name="TestAssert/Test_Non_Struct_Data,_expects_fatal_error" time="0.000000"></testcase>
		<testcase classname="github.com/cisco-open/go-lanai/test/utils/golden" name="TestAssert/Test_Struct_Data_with_marshalling_error,_expects_fatal_error" time="0.000000"></testcase>
		<testcase classname="github.com/cisco-open/go-lanai/test/utils/golden" name="TestAssert" time="0.000000"></testcase>
		<testcase classname="github.com/cisco-open/go-lanai/test/utils/golden" name="TestPopulateGoldenFiles/GoodStruct" time="0.000000"></testcase>
		<testcase classname="github.com/cisco-open/go-lanai/test/utils/golden" name="TestPopulateGoldenFiles/BadStruct" time="0.000000"></testcase>
		<testcase classname="github.com/cisco-open/go-lanai/test/utils/golden" name="TestPopulateGoldenFiles/JustString" time="0.000000"></testcase>
		<testcase classname="github.com/cisco-open/go-lanai/test/utils/golden" name="TestPopulateGoldenFiles/JustBytes" time="0.000000"></testcase>
		<testcase classname="github.com/cisco-open/go-lanai/test/utils/golden" name="TestPopulateGoldenFiles" time="0.000000"></testcase>
	</testsuite>
	<testsuite tests="10" failures="0" time="0.074000" name="github.com/cisco-open/go-lanai/test/utils/gomega" timestamp="2025-05-28T20:55:39Z">
		<properties>
			<property name="go.version" value="go1.24.3 linux/amd64"></property>
		</properties>
		<testcase classname="github.com/cisco-open/go-lanai/test/utils/gomega" name="TestIsErrorMatchers/SubTestIsError" time="0.000000"></testcase>
		<testcase classname="github.com/cisco-open/go-lanai/test/utils/gomega" name="TestIsErrorMatchers/SubTestHaveErrorType" time="0.000000"></testcase>
		<testcase classname="github.com/cisco-open/go-lanai/test/utils/gomega" name="TestIsErrorMatchers/SubTestHaveErrorSubType" time="0.000000"></testcase>
		<testcase classname="github.com/cisco-open/go-lanai/test/utils/gomega" name="TestIsErrorMatchers/SubTestHaveErrorCode" time="0.000000"></testcase>
		<testcase classname="github.com/cisco-open/go-lanai/test/utils/gomega" name="TestIsErrorMatchers/SubTestErrorMatcherFailureMessages" time="0.000000"></testcase>
		<testcase classname="github.com/cisco-open/go-lanai/test/utils/gomega" name="TestIsErrorMatchers" time="0.000000"></testcase>
		<testcase classname="github.com/cisco-open/go-lanai/test/utils/gomega" name="TestJsonPathMatchers/TestHaveJsonPath" time="0.000000"></testcase>
		<testcase classname="github.com/cisco-open/go-lanai/test/utils/gomega" name="TestJsonPathMatchers/TestHaveJsonPathWithValue" time="0.000000"></testcase>
		<testcase classname="github.com/cisco-open/go-lanai/test/utils/gomega" name="TestJsonPathMatchers/TestFailureMessages" time="0.000000"></testcase>
		<testcase classname="github.com/cisco-open/go-lanai/test/utils/gomega" name="TestJsonPathMatchers" time="0.000000"></testcase>
	</testsuite>
	<testsuite tests="17" failures="0" time="0.093000" name="github.com/cisco-open/go-lanai/test/webtest" timestamp="2025-05-28T20:55:39Z">
		<properties>
			<property name="go.version" value="go1.24.3 linux/amd64"></property>
		</properties>
		<testcase classname="github.com/cisco-open/go-lanai/test/webtest" name="TestDefaultRealTestServer/TestRealServerUtils" time="0.000000"></testcase>
		<testcase classname="github.com/cisco-open/go-lanai/test/webtest" name="TestDefaultRealTestServer/EchoWithRelativePath" time="0.000000"></testcase>
		<testcase classname="github.com/cisco-open/go-lanai/test/webtest" name="TestDefaultRealTestServer/EchoWithAbsolutePath" time="0.000000"></testcase>
		<testcase classname="github.com/cisco-open/go-lanai/test/webtest" name="TestDefaultRealTestServer" time="0.010000"></testcase>
		<testcase classname="github.com/cisco-open/go-lanai/test/webtest" name="TestCustomRealTestServer/TestRealServerUtils" time="0.000000"></testcase>
		<testcase classname="github.com/cisco-open/go-lanai/test/webtest" name="TestCustomRealTestServer/EchoWithRelativePath" time="0.000000"></testcase>
		<testcase classname="github.com/cisco-open/go-lanai/test/webtest" name="TestCustomRealTestServer/EchoWithAbsolutePath" time="0.000000"></testcase>
		<testcase classname="github.com/cisco-open/go-lanai/test/webtest" name="TestCustomRealTestServer" time="0.010000"></testcase>
		<testcase classname="github.com/cisco-open/go-lanai/test/webtest" name="TestDefaultMockedTestServer/EchoWithRelativePath" time="0.000000"></testcase>
		<testcase classname="github.com/cisco-open/go-lanai/test/webtest" name="TestDefaultMockedTestServer/EchoWithAbsolutePath" time="0.000000"></testcase>
		<testcase classname="github.com/cisco-open/go-lanai/test/webtest" name="TestDefaultMockedTestServer" time="0.010000"></testcase>
		<testcase classname="github.com/cisco-open/go-lanai/test/webtest" name="TestCustomMockedTestServer/EchoWithRelativePath" time="0.000000"></testcase>
		<testcase classname="github.com/cisco-open/go-lanai/test/webtest" name="TestCustomMockedTestServer/EchoWithAbsolutePath" time="0.000000"></testcase>
		<testcase classname="github.com/cisco-open/go-lanai/test/webtest" name="TestCustomMockedTestServer" time="0.000000"></testcase>
		<testcase classname="github.com/cisco-open/go-lanai/test/webtest" name="TestUtilities/EchoWithRelativePath" time="0.000000"></testcase>
		<testcase classname="github.com/cisco-open/go-lanai/test/webtest" name="TestUtilities/EchoWithAbsolutePath" time="0.000000"></testcase>
		<testcase classname="github.com/cisco-open/go-lanai/test/webtest" name="TestUtilities" time="0.010000"></testcase>
	</testsuite>
	<testsuite tests="6" failures="0" time="0.064000" name="github.com/cisco-open/go-lanai/test/webtest/examples" timestamp="2025-05-28T20:55:39Z">
		<properties>
			<property name="go.version" value="go1.24.3 linux/amd64"></property>
		</properties>
		<testcase classname="github.com/cisco-open/go-lanai/test/webtest/examples" name="TestRealTestServer/EchoWithRelativePath" time="0.000000"></testcase>
		<testcase classname="github.com/cisco-open/go-lanai/test/webtest/examples" name="TestRealTestServer/EchoWithAbsolutePath" time="0.000000"></testcase>
		<testcase classname="github.com/cisco-open/go-lanai/test/webtest/examples" name="TestRealTestServer" time="0.010000"></testcase>
		<testcase classname="github.com/cisco-open/go-lanai/test/webtest/examples" name="TestMockedTestServer/EchoWithRelativePath" time="0.000000"></testcase>
		<testcase classname="github.com/cisco-open/go-lanai/test/webtest/examples" name="TestMockedTestServer/EchoWithAbsolutePath" time="0.000000"></testcase>
		<testcase classname="github.com/cisco-open/go-lanai/test/webtest/examples" name="TestMockedTestServer" time="0.000000"></testcase>
	</testsuite>
</testsuites>